PocketMine-MP Crash Dump Fri Oct 12 19:40:53 WIB 2018

Error: Undefined property: PiggyCustomEnchants\Entities\PiggyLightning::$age
File: zip_PiggyCustomEnchants_dev-246_X1Fu5343spRNkl6/src/PiggyCustomEnchants/Entities/PiggyLightning
Line: 61
Type: ErrorException

THIS CRASH WAS CAUSED BY A PLUGIN
BAD PLUGIN: PiggyCustomEnchants v1.2.0

Code:
[52]                 $this->server->getPluginManager()->callEvent($ev);
[53]                 if (!$ev->isCancelled()) {
[54]                     $entity->attack($ev);
[55]                 }
[56]             }
[57]         }
[58]         if ($this->getLevel()->getBlock($this)->canBeFlowedInto() && Main::$lightningFlames) {
[59]             $this->getLevel()->setBlock($this, Block::get(Block::FIRE));
[60]         }
[61]         if ($this->age > 20) {
[62]             $this->flagForDespawn();
[63]         }
[64]         return $hasUpdate;
[65]     }
[66] 
[67]     /**
[68]      * @param Player $player
[69]      */
[70]     public function spawnTo(Player $player): void
[71]     {

Backtrace:
#0 zip_PiggyCustomEnchants_dev-246_X1Fu5343spRNkl6/src/PiggyCustomEnchants/Entities/PiggyLightning(61): pocketmine\utils\Utils::errorExceptionHandler(integer 8, string Undefined property: PiggyCustomEnchants\Entities\PiggyLightning::$age, string C:\Users\Administrator\Desktop\sb\plugins\zip_PiggyCustomEnchants_dev-246_X1Fu5343spRNkl6\src\PiggyCustomEnchants\Entities\PiggyLightning.php, integer 61, array Array())
#1 src/pocketmine/entity/Entity(1389): PiggyCustomEnchants\Entities\PiggyLightning->entityBaseTick(integer 1)
#2 src/pocketmine/level/Level(741): pocketmine\entity\Entity->onUpdate(integer 475)
#3 src/pocketmine/Server(2361): pocketmine\level\Level->doTick(integer 475)
#4 src/pocketmine/Server(2510): pocketmine\Server->checkTickUpdates(integer 475, double 1539348053.8987)
#5 src/pocketmine/Server(2256): pocketmine\Server->tick()
#6 src/pocketmine/Server(2134): pocketmine\Server->tickProcessor()
#7 src/pocketmine/Server(1700): pocketmine\Server->start()
#8 src/pocketmine/PocketMine(249): pocketmine\Server->__construct(BaseClassLoader object, pocketmine\utils\MainLogger object, string C:\Users\Administrator\Desktop\sb\, string C:\Users\Administrator\Desktop\sb\plugins\)
#9 C:/Users/Administrator/Desktop/sb/PocketMine-MP.phar(1): require(string phar://C:/Users/Administrator/Desktop/sb/PocketMine-MP.phar/src/pocketmine/PocketMine.php)

PocketMine-MP version: 3.2.4 [Protocol 282]
Git commit: a66dd4a7d95c49792d39c7e70442b1ee4b855988
uname -a: Windows NT WIN-VCQUKKDO8FH 6.3 build 9600 (Windows Server 2012 R2 Datacenter Edition) AMD64
PHP Version: 7.2.2
Zend version: 3.2.0
OS : WINNT, win

Loaded plugins:
DevTools 1.13.0 by PocketMine Team for API(s) 3.0.0, 4.0.0
AutoClearLagg 2.0.0 by Potatoe for API(s) 3.0.0
BlazinFeed 1.2.1 by iiFlamiinBlaze for API(s) 3.0.0
BuyEnchant 1 by  for API(s) 3.0.0
CONSOLEChat 1.0.0 by TheNewHEROBRINE for API(s) 3.0.0
FormAPI 1.2.0 by jojoe77777 for API(s) 3.0.0
Jail 1.3.0 by hoyinm14mc for API(s) 3.0.0
PVPlevelRPG 8.2 by  for API(s) 3.0.0
MSpawns 2.2 by EvolSoft for API(s) 3.0.0
MysteryCrate 6.4.3 by JackMD, DaPigGuy for API(s) 3.0.0
NoFall 1 by NCR-Games for API(s) 3.0.0-ALPHA12, 3.0.0, 3.0.2, 3.0.3, 3.0.4, 3.0.5
KeepInventory 1.0.1 by  for API(s) 3.0.0, 3.0.0-ALPHA7, 3.0.0-ALPHA8, 3.0.0-ALPHA9, 3.0.0-ALPHA10, 3.0.0-ALPHA11
RandomOre 2.0.0 by Nguyen for API(s) 3.0.0
GuiShop 1.0.0-ALPHA1 by PHP-Devs /georgianYT for API(s) 3.0.0, 3.0.0-ALPHA10, 3.0.0-ALPHA11, 3.0.0-ALPHA12
SimpleWorldLoader 1.0.0 by  for API(s) 2.0.0, 3.0.0, 3.0.1, 3.1.0, 3.0.0-ALPHA1
SlapperRotation 1.2.0 by jojoe77777 for API(s) 3.0.0
superBAR 2.0.0 by Array, JackMD for API(s) 3.0.0
VanillaEnchantments 3.1.0_ALPHA by TheAz928 for API(s) 4.0.0, 3.0.0, 3.0.2, 3.0.3
VoteReward 3.0.3 by LDX for API(s) 4.0.0+dev.1224, 4.0.0, 3.0.0, 3.0.0-ALPHA12
WorldProtect 2.3.8 by aliuly for API(s) 3.0.0
AlwaysSpawn 2.2.4 by Philip Shilling for API(s) 3.0.0
AntiVoid 1.0.0 by KairusDarkSeeker for API(s) 3.0.0
AutoInv 0.0.9 by JackNoordhuis for API(s) 3.0.0, 3.0.0-ALPHA8, 3.0.0-ALPHA9, 3.0.0-ALPHA10, 3.0.0-ALPHA11, 3.0.0-ALPHA12
Broadcaster 1.5 by EvolSoft for API(s) 3.0.0
ChestShop 4 by  for API(s) 3.0.0
CmdSnooper 1.2.0 by HotshotHD & CodeRed2019 for API(s) 1.13.0, 4.0.0, 3.0.0, 3.0.0-ALPHA12
CustomAlerts 2 by EvolSoft for API(s) 3.0.0
EconomyAPI 5.7.2 by onebone for API(s) 3.0.0
EssentialsPE 2.1.0 by LegendsOfMCPE Team for API(s) 3.0.0
InvSee 0.0.1 by BlockHorizons for API(s) 3.0.0
KillChat 1.0.2.MOD by Array for API(s) 3.0.0-ALPHA12, 3.0.0
MagicWE 0.4.0 by XenialDan for API(s) 3.0.0-ALPHA12, 3.0.0, 4.0.0
MultiWorld 1.4.3 by CzechPMDevs, VixikCZ for API(s) 3.0.0
PiggyCustomEnchants 1.2.0 by DaPigGuy for API(s) 3.0.0
PurePerms 1.4.2 by 64FF00 & ProjectInfinity for API(s) 3.0.0
Repair 1.0.1 by JackMD for API(s) 3.0.0
RocketPads 1.0.0 by Gamecrafter for API(s) 3.0.0
Sell 1.2.10.2 by Array, KairusDarkSeeker, JackMD for API(s) 3.0.0, 3.0.0-ALPHA12
SizePlayer 1.0.3 by  for API(s) 3.0.0
Slapper 1.4.0 by jojoe77777 for API(s) 3.0.0, 3.0.0-ALPHA12, 4.0.0
TeaSpoon 1.0.1 by CortexPE for API(s) 3.0.0
TopVoter 3.0.0 by SalmonDE for API(s) 3.0.0
SkyBlock 2 by no name (edit by hugoDZgamer) for API(s) 3.0.0, 4.0.0, 3.0.6
FactionsPro 1.3.13 by TranThanhNguyen for API(s) 3.0.0
SimpleWarp 4.0.1 by Falkirks for API(s) 3.0.0, 4.0.0
PureChat 1.4.11 by 64FF00 for API(s) 3.0.0

----------------------REPORT THE DATA BELOW THIS LINE-----------------------

===BEGIN CRASH DUMP===
eNrtPGlz4zayfwVPM7Vr5+mWfCnl1PP4mPHGh9byZLIbbrkgEpIYkwRDkLY1qfz37W6AJEjLZ5x9
+yFTlZgEgUbfF0j92kj9UDRGvY3BzmC43d0YNBsBV+lhksikMfq1kS5jeNyg+8M7V8SpL6NGsxEK
pfgcH32OPDHzI+GxOJGxSNLliI39+Xy5n6lUhoeRu+BRqhznMEr91BdwRY9P/PkijfxoPhq9R0jN
xiwLgiM/QKD7I8f5rEQCk/e80I98lSY8lYnjHAh1ncrYcdTUceIgm/sRTPrqx1crNr3yxE2rP9y8
+rF3lG0MhgMVX5xdB5uwOnENHs9Fsx0vYkRSI/jCDTuwX2fF/E6+W6e6GWwUAE8bo81eswGku3D5
U+Ndl/3B+65t9tZHLJbutUiB7cJxstQPgBef8c9oJCp68IlHXiCSNT9KxVwkbLvJQE4Ahr2RUhTw
/kv1ocly0kFOjCcJX7I9/P/a+jqI8F2PIf9LdnYEAltq7i/XeoPtnfUXMqb1nYbxgStx6bvXBfN7
tGO/vmMgbkTQOcH/r20N69LVsMxuy9Z3MvocezwVBdTh1gbBHdThTkRyA6LvD+5pDO3oOLRl6ztP
VrDM4Q0fgrfR69bg6Set79yFcK8RmEZR2TCbzJPZNBCsdGTt7Z3tLdpr46G9+hubD+yVIs60ePOh
xb3B8JHF40S64CJloqFsPQClt9V9iFyV8iTVq7frq8d0eQqXa/3hzgMArq5cGYGdZG66htqyD45d
nUjuAcvk9Gfhps1Vln7K/ehEzufWrJcZ4auNlmjdgWUdWtWpLOqYNR01tchvnY7BDjkwEpiQiF8y
PxFrZnscH3U6rwHXeZDfaPXrjX/91myI/5cQ+Z+OPkColg/sugICzHSlJ5ANG32Ywmr/3qcLX4Eu
G5Wci3RM0E55BASBcYBZ8yA4vAFHtPZe3Kx/CxA3Bisg+TO29j8wo/Wdr/Z55IogEB64WfYrrhiu
WEH7C+PYeJpyMOlii40VC37DB5u1BzS4ZQ3SwLY1gJgZOoE+7WnX6fpDIHFPfEaERh/EUSBvhXcc
pXJtnf3lLwytDaQb5Kw/CjjojaFqp4bLil1UZZcmo5vRCKasmcuj44vDdSJ6s1sjY7O3mgwQDfuO
9bsajc3+ajRmAZ8fyQQMKea30ZreYlDfwpZMItIsidj7BVfah9OSXBQ0HdmPf3OOd775Bm8Lfn/D
/i/mCQ/ZOOBLcFHvY/qLcwpufdOB262c2Bjigu+yWRa5aJiMsL2Ua1UA4D5upO/hwpwpvzZ++zP3
+jP3+jP3+jP3+jP3+i/KvZqNuYhEwgPMOiKO7YtGBQyQAkJQmIWNGoN2vz2EkWnmBx42OoZDSGkS
mUpXAoT+dr/Z4LFvzZz7KdzxzU3PG/Itb2fDHe5s7fS9wY67Jba6w2F/2hNiON3e2NjZ3oYFCb8O
/Cms6bZ7/XYXRjKD1hc/8uStYmeX7MvxWeuH/b9//v77g/Pto09ssz1ghBPb2ex22Vo+VWsQBN9e
n1302QGHvAU8BQwdej46/nW2d3qwiYhiQ2LU2AK0+3D3VUSeoaKrH15JhTgcn51dwgDd3EIiV6R0
Chl4IG4upQyUxcxiyOZjr90bEGCepQuZKIyJJdfZpeAhioZY+RNg0aXJQ/oL4yLi4CIAQbAJ0Wx4
IgZ0EQg8U3KWHtgDIad8M8cDdbbAKAAjgmeTy72Ly88o6lsxVX6KeC/SNFagdSDARTZtuzK0lKdT
wAD697JU7geCJyd8Prcor47b5PcNQRXqU9BmcY/qV1Jb2Vu7gpLc8fnk8sv5xcnB0wQTUpcJLP/H
ZadKEFD+IeBf/ehIIHIF2dZgVeT9dq9Ks+9jgur7ES55M9KrUB2nxMe+foobRF62NGHcJq8crJBX
Ie2NSJlmS+E+T3qI7/752eT85HB/wW2E7dGqQO4p4eVCnInbT4cX5x8ujs8O30oiNbCOY6H0fOqg
Ogj3xscWZflIXc1qVP0sf5ZiC/+9FUElRMcxSBQXzyHlb9y34w3dVom45x0XculHYW8Yum9FRAnR
cX4GDBzH4PEk+uMfxpQaXow/2lHTGrWJ2aaA8ua2QVkp6s7zNeh0gtWaHZzykapzruLbOLyRwQSw
eCvGm00B72L3Z8Sh29vbtgBMEGo7vSZ6lgpC+XIf8iBhE2UP25RttoftQZW2v3H3+hQ5dcChOvmY
Ld+KSA0YaLSQeXUc0sA6FcKA/jN5xAPbkMzAw365cbZ/0fqITZE6na29k/GnvR6KPk838G9+PzB/
h+bvxmv5olF8vs5+L0R8HGFHSyZLi9TqeN2vPx6NmjbJW9Xb7ertTvW2V1vc672WDxX8X6YYaAmx
/3XpKVIO5NIFh3w3PE9sMyjHnki9zuYQZqO3Uny9LbXLYO+PAvzTR6owyBiflPfHzJ8sZGzRkY/c
i91GBLU88tO4BcmpYp25kMnc55C4NR5VgBUybdZs4pWsMJg/X9knfhgH4otMAk+XtxYb7j97PJkp
ae7bNJu/msbePV68ltR9maTibgy5zT08X0B+wONYJBeYdRNZJfG1J//xjKeGwPNpUhks+7B3YRFT
DD1ulz81jrg/F8nkHxPE2kSqN6KnAO04OTrl1XPo+oFHfhBwUwqEAo8vShJXPa32EUD1rkjl7mXg
e193+tsWncMV6luGpVfSf6MRhFRcJk/6pY9lJM7x66yiENkiU3EhbnliV4TWYJUJ3Xo6cnLwY53y
//XETbvX7w+LBkBzpRd7tZeCPR2nRPHVSQrAaZ3ujw87FrnAEfIE4wTGXLsqqwxXDWHQ3q5yhQd+
FrxZZqahOc4tYhBrDOpEP7Mhcpr5ycwXgWe12FqmHdRJEyE6IceUrVOhFlsmwS1fKkp/7YaJNVrL
yCnxssPcwg/8mE3gT4BnjG/Em5jAKgPVcThhRIc8jlOEnUeYRMRFqf8DHv9YlOVDTxTg33M/ydQB
T64nQlzDZm9EVx2u4+QYlVfP8XrYAYKsrdbkwhGbMEC0vXO/zjiTMvEWma8ez0denIG+kR/4GVCM
chRB9ECYH90AfwoKn24YJTDDJZW3O0bWaFX+G39soWlt7DhVLF5XcO4vhEpr6Wk5ZtM2/CNK/jD7
BXB0HBe3VJRZ2rs/3R8LvQlIOK5Ixxp8Iqv6JHHT9NMB+wvblx74eK/f7e1Y0ira2n9IoHJDT2lM
gW4b66cJpyPJvUAklSylMlxxuH+sXtr7AilVLF6nmYeujGS4rPYHrUGbuo32Vr3FIyMxhf/eikAD
znGExgBgOk4FmydFdqgUHunyQI0PbZLs4WqM7NX19UTMEbPzGWYlq89UXkmfjcX9uPj8jIkQ1Ph1
KpQBA8DlQqyySDcD9UBTq3+p8P4kE/+rjNSbOVIbqONoTJ5LOHVxIKGoteWLoXpK0G+fnh/UK6GA
3/iZovbUOOF3+M5MJG/cBdjkU42sV9Jc3cZxcnzLq2e1XPncd7/YGpyPVOU4rCvvjyICXTjg0TMa
db/rXNDg85wMmAjKgtSndNamqRysSvNev3X/q3AX41Ps0MCDH/w7/3r/n403i4+ABqX1QI2N0ksN
08KyYwHC1v+Kt/asI4CV7/Q9GlTfuu+88hWc5zYrxlkixiIJKzQVY3XR1mLI5vDoqNuF3ADqHHzb
4jia+ZGfvhllV3oDxykwsi5fc7iLa02tVsLBZqqIoVywO6l64PEm8xs3aPLzA7337z05MBQgcVSo
jrlny9gafKJAw7MDN+Gz9O1qs4Q2j2FzoNZG5KW0WrjZb8KMV9Tj1j7YdxSVUxS6vXd0363p+0/g
9TAdR7Lvla0Ptutekgrb+dtjrUlAF99ffEmb+avQL2xW+svFYF0HBn9EMUP7neB+2DPOr1/QJr7f
Hr7noZ7fFm7eC66/K6gqjdCrzbbEtJPTBoRDCjuJZaUxXgw94Zzy/vyblTBFv//5jbN8Tftu+ZXI
kTG2Cm1BFkP1PmlNkhMehDI6eDNycniOk2NQXj1LJa+XlCPbOpkPPVJYRpLhbLYmPD9l0yVbZHN5
8M85jCXrD74ApnV182W0VotB4x6hRqPwnKeCy3EgsRdKf5/OBY84vQSuIODbb6VYo/WXOnq1dPAy
4dElJCmLtziDpFTFJObY1JvEPEQk7FOPAjXHMTcvPJvjSXz/UA4HK92f+wZ4xINrP7lWb/NaH4BT
KTJPzUhBJ4G8tW4rtWRJ/szg4DiK8L4FvIsDO03Ds1LEWiVnsb3qfnu9VRnii4RspZ+rmGBr2o/i
xpcZUNzKxxsPJI+6jLPQ/r2pI4H5DV8Fxa8pBDiN2hud+eu4ALjV0sS2QFo+EUXvqLbN5wW+wDdL
342LO7YvIZGeM/xYyUmc6N0ki9hExKw/YN3N0XBjtLHBvhx/wJdct3FCKFNv18m6Xb4l9J9A/7n2
fV9fJazyYPhPAQZBl5vgtlhlsbUKoZuPj2Lw5bu9nd6gj4O3C2BVK/BVutvFex5FMotcPAvBoN7i
7sIXN4JOyXZlRHDwTKFljl9AWLutHiHP78witTvUsALQ7daMvunZlbNZuZhHfggqXgEYymk+gF40
lJ7QKM1kAvgUYwYQiMRzZVLcxzexWe35s5nvQu233CXE9FvSqUxaSqSpH83VLg7TG18tNITdT9m0
HFFCeNYE/Kpt9+DwaO/zySWOGhX4JRPJ0mxohhJw0zk2eN2OuVJQ03q739A/YEiWypbiN8IsvPHF
bcsD3uN3XLukAndTeddCwzNT8A3m4oCqvQwDVDH6Woq5pF1ZQsfapGQMWMUqqgtKxy4XQgmW0854
Ili6EAwiiIILnjIXhQ5BTDA/coPMEx5csHvKjbAmEmKenCGAOkzFZ6LJJDxJFIJk00Twa7aUWWJg
4adVIEJ/5tMOIL0ENChYIuAzcVuA63hixkF+it3K6K8pwyyKJwy5FwKx+KHcEjHEHo+m+3YhIpbF
84R7+FWME6G2a2AjJ2LvLhdQQbQCGAIsAh7NM/y0C7/YI5YZy1A+3EPg54H/Vb8rAEv38YsPTUV1
IfA89y8iat/6134MuQBvy2TewbvOCQj2Ss6ujifnV5uDnVb/CtcBGwtAI+aA/5w7Ddzoy0Ig71gq
AZ/IY0Cl+YgBxIQBIuAp8I0eEzcJU8ADrkRKIvXAj7qCLeiTKBwJAbA2n3JL9NMwrBZZ6km0O/15
JuJi3rmfOllP8IGEqeg+hAtMvmMBjnpbPhvdaIT30LwZug760kE7VXbjc/Z3NA6YQkaSn6oWO7+b
LGAdR/1VEvA0CGghcgOIZQrUE6IJqAjRDdkPzISA5CEHywctwHgqFeAPMVIR/EOyxxwQMIOho8Cv
wEBZEFdI14yKwXRjvcVTC9AXH2QgI9A27nksEUorJeKJ39cAPlxBDEHnyEAVpwIZAvIQv2Q8QEnN
/RuYe8ODDDJFsyV+TwjA9X7gNQQ65BYIGj93GcFT3PksC6f48cuM7all5F5ydQ3GkECBqtr4/LMC
lqDq5kTirEUCeWIG2gKzVZNRO40Z7wfa3AQ2hMA2hXGe2AKREsfCLAKjwikEe0LaBPSA3SXyDjx1
KoAFQA5ZQVSghlzV6BzP0HhxChppk/npX4FzaUKrPIGBghS0tpatAQUgaNZHjhANLUPliCDV7IIC
CkuyCD9CQ20HhsfEffqCRLXZgbgx1yzEsMPchKtF0/ZFRh2RG0mSxake1cxCpoSAmSaKhApqBhwC
g9S2x/HrSMB5NQKoG6hpEngMStUu1Qs/+tNzcjuAiAkBLVmSg/oYyCmoDGZJTA+DYYVQWYBsQzHn
02UKrGYTzeQusdVXCFm7N0D01ieWkxoxDLwaTq5Zioib+YAe+GaBry8ilBk4xnxHrdggpozscS5B
QhIdAmoD7DMnJFuEGCrqcNshF0nRKAUXy73/cgowpSzw72/17+OPacXvwl+lMiYUjJcuUDLQFAOX
gZmB8HKEcM8cq65Giaz+C5mCwUz99ffjRsZAyKCLYG4GATiCAMzEnXAzcuNSI6utEAN2MVvcuZAZ
qZIW8lPnl4cjdvnpeMJOjk+PL8FNj0+ODydsfHjBICH//vCiyWASuzyHWYfsy6fzk0M2vjjfP5xM
2jWjX8UIKCB8SfkIelyFpNE3mDkfCq/aA4ZDRPHQk9CMFr63qv0pxXEJZVUEfhgUCAl9SL+0XkFa
HFCIR4ejpzmUcSEM8LGlv86Nmb07x0CBKQ5Nb9+fjMI35RIIKxYuZkKaoYirlqZeWxAA+iRiVZI5
6Bo61fpKhAzVA031nCdTMISWK4NAJ+vobVZylewKUTFrmFkDHjrkUUY5l40F5KMZaN16M/f8NbUz
eqej52wGkDSlYWlsbXauPbtWcEhJZBZ4BSY+BIrbiJW4owWzmFAHCje7XU0ke3dEPuFeCCRl0asL
qmaJDPNIimvN85ath5ZQgQoju7ourFAgWxkmeWqMIkokvZSV66yXhbFO0nSyasZbOK7lc4AzzGzC
mNDL8YY7CN1gz3wFSyEUQ0AD8DegUEplAm0/XYCU5nlSjR4J9ypRauaC04Hf5M6IGk18iDtY8rmL
LLpWGu19HuOYH2YhxM0IP/LNqxuUG9PloUagZCaaheEgGcZ9dYJyIiZkaLMWZvkZxNGhEdGB1A/q
qotpDvozDRun5kai4ZhpFkGUBbRcjq/pGEkABpR1QAaI/AKkdKqgQcQciy2mV2jCSqJgGXFQE5Fv
ilOLXBh4hl8l5jAfA/OYvjlRJFIUT1HtgC0FOkOc8hRqeMzQCVeFvxfATMQgl6VrOfNUB4qpKHJF
ClPvbKHkT9BVJssUYTdZq2fJC2VF27bSHBVwxBub2g+XOShV2JgAeppmrHsoP8e1+LsNGqc2+wS5
HCjOLiVnbH/8uQlrAYMpGNGt74F6U8Anj1iAbxH4EdsyCXOZSitijDW1zfY8cEALHsw6UBfr7N4T
oK5mI9iSYasJ9ckytyKAWbDsQuQOvRXmhzxoaleIG5tPnNsMfIsgL4U58OdxNM4z6LLMxeIAF9H7
vVjjRnHL3FZrlVNjd8r/KgoJY6adCxb7inkyBJm41hcrfg53+nrRepuNzZqAJ3NawE21bbQDN5wl
fI6kgZywhI4DykewPA0Bc7R2nqDs9gMfm0fUEsCv44VK2enlZ0JUAUFI8zRLGbYgSLzlbrpcaBtP
E6ZZCxeNCFdUek9Ms7lWeWkiK8PMKiHTN0kNFj4YovC78HbxVCGPdD2wiNt+5CMaPZJnPkM7gC88
iTCqWyux22HiOEIxAMCHQnaBAixnhhwsOAQJpKg4ULjgrwyiKwQRhuQWAXKeEuB2INeo5c9Mo9Er
a2Zw69+xHlZWJs3EGproz+tnpVsiIq+rHWNfIyLLFMWKdcAfpxl4gc7c1fYCiGBVYjTJibSXHunm
h4TSGo0zL8FEXluTJ/d4ypniNyZYYGsrbxziowJ9DoSD/xM81UwFami7Zp7zU6EIFkTJl4oh0aRk
LJIuvitNK0GVToGdLkdjCeVNXnZjiCPe6XZj/kRvZ1VbeXev0hYSeSOAkURS3RCjqUbZM2U6Ey4Y
fEre0Cxp6SUjFgMHb/yA8vaK8eJLHBCODDhyKpTTAa3oRFJ0JP2uycEwQOrUDhmGnUIcN/lczsfK
cFmJGRet04EpV8LabK0HfnPFLk3Whwe9VQ9E6rbXyYcrYWNBioS/fkLNKdPsZQKilt4PxaeZRW3A
sj/o5VEUzZrSfno7XcM2cCwN1JHSRIPcvg0zTVkVIe+DepbRzGdVOqsru5lU4u+FMkOvONPh3DhJ
VEVDG3IFkcSGDSg1XlLewd5dUBJiLSXNiYRuE0yFBjUVM3Rp1OGm9GGR245jfoGpms1oynGbnHLw
64zX0Yz1L7vAXgXzqxh2V6LIE4DjUY+NzBcQNUuNkDUmA3Qd2D1pZfpXbsow42K2osWGjT/LPx3Q
RlM8N1Xky5GL2tGBHuKHhcyQxXSfKU+LaIlNMnvXAtV8x+ZQraqSKWUjK+dL+z5jjAu85T5VsxBt
tE+eYlMmzgJjweYakwSaYuIK9TPIHFqx9oBocOjVRiwvN8gEddNupM0O+4tUWOtRnVwYCeGnGHkP
qPTmqNktbAZXRwrfVBmF8OJHM1nKADxSS3ee83kLiaIgJNpxGEI4koRqJKNliMUh+nzs07qqwBmr
XfOYlY8Jd/LqfD5PxNw0DoueLGbX+FNg1zXCCDcw0/ODc/wNHBO/TM6ADuFW6JKEg4nc0oaK0C6w
p6G2ddYBGUrBb62HJJE6L0GE+umoiJ8mAJZJNo3K2NJjKFUiVAqrhdcEpxQveBOGgXxMadI8l4XA
NBMJVCctdC8RxlT90ERm3Q7klYagOU+1InYGOTvkPuShcl9g4KGs9eN8h7pwNY22dCGVKAKZidMI
EafnKSUKEz0h7ka5jlmTt7LbBXjzwIafc/HRPMB4Yy1Prf9WFynv8Kd+qhmZ94sWZoxcAlaEpugw
PgF77VDLeZR6+7MCDhRsQIVOwNDFWJkTgTPeL4/4PPAhgGkOHd5xPCvXN5g8AX5GRKNcVvQIlBRb
eCP2E2UzELaa1NP7F0KkMq3IHewTMKIAs+sED5Goj5IfO1L2uSoEUYpDcVFRcUH1OL6zCoiapMFC
nXYlBOiK4TklenqKRuVuI3Z0snc56n+71dzYues1B3eDZv/b3rcexHbtPtfwdToXHefudld7WX03
3FjX+Z8+r7HaGNqQMVwAa00vkfIwagaCrNwl07/ylSW5v83LuqQ4iSG/AnAg+riUOqucV638kAg0
gPL9d0fkUGgnml6BkVHQ1yNX1kiLss520fSUsSkEwLkpUwy711g7Kar+gB1TH+qWpW6R0DykFhCB
ik0HCDISTSJBh6wiKfxIo9kQd6mIFL2zMPq1Qd+klr9FNXUhGVxYA3hiF3k8sYfM76YW91kSWLce
/UJGcTvzA3rvqhiYh/aPXy0gBOjXyODGB7u5sR7+rMz7HZv0OJzq40VrBuZLHn0BWwzFboWiCzEz
rRV7GXltVRmBVCK0BibjE+suXKpfAvqZLnPFNvC9mz4ek7AWvg+x0R12t+Dy/TH2+rZngveHs/72
cGvGtzZ6O91ubyoGO113Z5uLLnf5TAy2t9h7gJ3KaxFBOLeZtOR0cN433x9/9WP9S14b+lb/alk+
Ge7uwooIJFLS73YHvV4fP+oDA46UsqdUF8Smo2k+l94CqvDNrQXJPUeiDHVXlLzQT9/pH0/T0ptP
/YjjL2fQEvzgDljlp2JQ7PTbb/8GYdqkfw==
===END CRASH DUMP===
