PocketMine-MP Crash Dump Fri Oct 12 19:37:03 WIB 2018

Error: Undefined property: PiggyCustomEnchants\Entities\PiggyLightning::$age
File: zip_PiggyCustomEnchants_dev-246_X1Fu5343spRNkl6/src/PiggyCustomEnchants/Entities/PiggyLightning
Line: 61
Type: ErrorException

THIS CRASH WAS CAUSED BY A PLUGIN
BAD PLUGIN: PiggyCustomEnchants v1.2.0

Code:
[52]                 $this->server->getPluginManager()->callEvent($ev);
[53]                 if (!$ev->isCancelled()) {
[54]                     $entity->attack($ev);
[55]                 }
[56]             }
[57]         }
[58]         if ($this->getLevel()->getBlock($this)->canBeFlowedInto() && Main::$lightningFlames) {
[59]             $this->getLevel()->setBlock($this, Block::get(Block::FIRE));
[60]         }
[61]         if ($this->age > 20) {
[62]             $this->flagForDespawn();
[63]         }
[64]         return $hasUpdate;
[65]     }
[66] 
[67]     /**
[68]      * @param Player $player
[69]      */
[70]     public function spawnTo(Player $player): void
[71]     {

Backtrace:
#0 zip_PiggyCustomEnchants_dev-246_X1Fu5343spRNkl6/src/PiggyCustomEnchants/Entities/PiggyLightning(61): pocketmine\utils\Utils::errorExceptionHandler(integer 8, string Undefined property: PiggyCustomEnchants\Entities\PiggyLightning::$age, string C:\Users\Administrator\Desktop\sb\plugins\zip_PiggyCustomEnchants_dev-246_X1Fu5343spRNkl6\src\PiggyCustomEnchants\Entities\PiggyLightning.php, integer 61, array Array())
#1 src/pocketmine/entity/Entity(1389): PiggyCustomEnchants\Entities\PiggyLightning->entityBaseTick(integer 2)
#2 src/pocketmine/level/Level(741): pocketmine\entity\Entity->onUpdate(integer 11646)
#3 src/pocketmine/Server(2361): pocketmine\level\Level->doTick(integer 11646)
#4 src/pocketmine/Server(2510): pocketmine\Server->checkTickUpdates(integer 11646, double 1539347823.1754)
#5 src/pocketmine/Server(2256): pocketmine\Server->tick()
#6 src/pocketmine/Server(2134): pocketmine\Server->tickProcessor()
#7 src/pocketmine/Server(1700): pocketmine\Server->start()
#8 src/pocketmine/PocketMine(249): pocketmine\Server->__construct(BaseClassLoader object, pocketmine\utils\MainLogger object, string C:\Users\Administrator\Desktop\sb\, string C:\Users\Administrator\Desktop\sb\plugins\)
#9 C:/Users/Administrator/Desktop/sb/PocketMine-MP.phar(1): require(string phar://C:/Users/Administrator/Desktop/sb/PocketMine-MP.phar/src/pocketmine/PocketMine.php)

PocketMine-MP version: 3.2.4 [Protocol 282]
Git commit: a66dd4a7d95c49792d39c7e70442b1ee4b855988
uname -a: Windows NT WIN-VCQUKKDO8FH 6.3 build 9600 (Windows Server 2012 R2 Datacenter Edition) AMD64
PHP Version: 7.2.2
Zend version: 3.2.0
OS : WINNT, win

Loaded plugins:
DevTools 1.13.0 by PocketMine Team for API(s) 3.0.0, 4.0.0
AutoClearLagg 2.0.0 by Potatoe for API(s) 3.0.0
BlazinFeed 1.2.1 by iiFlamiinBlaze for API(s) 3.0.0
BuyEnchant 1 by  for API(s) 3.0.0
CONSOLEChat 1.0.0 by TheNewHEROBRINE for API(s) 3.0.0
FormAPI 1.2.0 by jojoe77777 for API(s) 3.0.0
Jail 1.3.0 by hoyinm14mc for API(s) 3.0.0
PVPlevelRPG 8.2 by  for API(s) 3.0.0
MSpawns 2.2 by EvolSoft for API(s) 3.0.0
MysteryCrate 6.4.3 by JackMD, DaPigGuy for API(s) 3.0.0
NoFall 1 by NCR-Games for API(s) 3.0.0-ALPHA12, 3.0.0, 3.0.2, 3.0.3, 3.0.4, 3.0.5
KeepInventory 1.0.1 by  for API(s) 3.0.0, 3.0.0-ALPHA7, 3.0.0-ALPHA8, 3.0.0-ALPHA9, 3.0.0-ALPHA10, 3.0.0-ALPHA11
RandomOre 2.0.0 by Nguyen for API(s) 3.0.0
GuiShop 1.0.0-ALPHA1 by PHP-Devs /georgianYT for API(s) 3.0.0, 3.0.0-ALPHA10, 3.0.0-ALPHA11, 3.0.0-ALPHA12
SimpleWorldLoader 1.0.0 by  for API(s) 2.0.0, 3.0.0, 3.0.1, 3.1.0, 3.0.0-ALPHA1
SlapperRotation 1.2.0 by jojoe77777 for API(s) 3.0.0
superBAR 2.0.0 by Array, JackMD for API(s) 3.0.0
VanillaEnchantments 3.1.0_ALPHA by TheAz928 for API(s) 4.0.0, 3.0.0, 3.0.2, 3.0.3
VoteReward 3.0.3 by LDX for API(s) 4.0.0+dev.1224, 4.0.0, 3.0.0, 3.0.0-ALPHA12
WorldProtect 2.3.8 by aliuly for API(s) 3.0.0
AlwaysSpawn 2.2.4 by Philip Shilling for API(s) 3.0.0
AntiVoid 1.0.0 by KairusDarkSeeker for API(s) 3.0.0
AutoInv 0.0.9 by JackNoordhuis for API(s) 3.0.0, 3.0.0-ALPHA8, 3.0.0-ALPHA9, 3.0.0-ALPHA10, 3.0.0-ALPHA11, 3.0.0-ALPHA12
Broadcaster 1.5 by EvolSoft for API(s) 3.0.0
ChestShop 4 by  for API(s) 3.0.0
CmdSnooper 1.2.0 by HotshotHD & CodeRed2019 for API(s) 1.13.0, 4.0.0, 3.0.0, 3.0.0-ALPHA12
CustomAlerts 2 by EvolSoft for API(s) 3.0.0
EconomyAPI 5.7.2 by onebone for API(s) 3.0.0
EssentialsPE 2.1.0 by LegendsOfMCPE Team for API(s) 3.0.0
InvSee 0.0.1 by BlockHorizons for API(s) 3.0.0
KillChat 1.0.2.MOD by Array for API(s) 3.0.0-ALPHA12, 3.0.0
MagicWE 0.4.0 by XenialDan for API(s) 3.0.0-ALPHA12, 3.0.0, 4.0.0
MultiWorld 1.4.3 by CzechPMDevs, VixikCZ for API(s) 3.0.0
PiggyCustomEnchants 1.2.0 by DaPigGuy for API(s) 3.0.0
PurePerms 1.4.2 by 64FF00 & ProjectInfinity for API(s) 3.0.0
Repair 1.0.1 by JackMD for API(s) 3.0.0
RocketPads 1.0.0 by Gamecrafter for API(s) 3.0.0
Sell 1.2.10.2 by Array, KairusDarkSeeker, JackMD for API(s) 3.0.0, 3.0.0-ALPHA12
SizePlayer 1.0.3 by  for API(s) 3.0.0
Slapper 1.4.0 by jojoe77777 for API(s) 3.0.0, 3.0.0-ALPHA12, 4.0.0
TeaSpoon 1.0.1 by CortexPE for API(s) 3.0.0
TopVoter 3.0.0 by SalmonDE for API(s) 3.0.0
SkyBlock 2 by no name (edit by hugoDZgamer) for API(s) 3.0.0, 4.0.0, 3.0.6
FactionsPro 1.3.13 by TranThanhNguyen for API(s) 3.0.0
SimpleWarp 4.0.1 by Falkirks for API(s) 3.0.0, 4.0.0
PureChat 1.4.11 by 64FF00 for API(s) 3.0.0

----------------------REPORT THE DATA BELOW THIS LINE-----------------------

===BEGIN CRASH DUMP===
eNrtPGlz4zayfwVPM7Vr5+mWfCnl1PP4mPHGh9byZLIbbrkgEpIYkwRDkLY1qfz37W6AJEjLZ5x9
+yFTlZgEgUbfF0j92kj9UDRGvY3BzmC4td0fNBsBV+lhksikMfq1kS5jeNyg+8M7V8SpL6NGsxEK
pfgcH32OPDHzI+GxOJGxSNLliI39+Xy5n6lUhoeRu+BRqhznMEr91BdwRY9P/PkijfxoPhq9R0jN
xiwLgiM/QKD7I8f5rEQCk/e80I98lSY8lYnjHAh1ncrYcdTUceIgm/sRTPrqx1crNr3yxE2rP9y8
+rF3lG0MhgMVX5xdB5uwOnENHs9Fsx0vYkRSI/jCDTuwX2fF/E6+W6e6GWwUAE8bo81eswGku3D5
U+Ndl/3B+65t9tZHLJbutUiB7cJxstQPgBef8c9oJCp68IlHXiCSNT9KxVwkbLvJQE4Ahr2RUhTw
/kv1ocly0kFOjCcJX7I9/P/a+jqI8F2PIf9LdnYEAltq7i/XeoPtnfUXMqb1nYbxgStx6bvXBfP7
tGO/vmMgbkTQOcH/r20N69LVsMxuy9Z3MvocezwVBdReb3O4SZAHdcgTkdyA8PuDezpDezoObdr6
zpMVPEuIw4cgbvS6NYj6Ses7dyHcawSn0VRVqE3myWwaCFa6s3Zva2NIu208tFt/Y/OB3VLEmxZv
PrS4Nxg+snicSBccpUw0lK0HoPS2ug8RrFKepHr1dn31mC5P4XKtP9x5AMDVlSsjsJbMTddQZ/bB
vasTyT1gmpz+LNy0ucreT7kfncj53Jr1MlN8tekSrTuwrEOrOpVFHbOmo6YW+a3TMVgjB0YCExLx
S+YnYs1sj+OjTuc14DoP8httf73xr9+aDfH/Eij/0zEICNXygV1XQICZrvQEsmGjD1NY7d/7dOEr
0GWjknORjgnaKY+AIDAOMGweBIc34I7W3oub9W8B4sZgBSR/xtb+B2a0vvPVPo9cEQTCA2fLfsUV
wxUraH9h3BtPUw4mXWyxsWLBb/hgs/aABresQRrYtgYQM0Mn0Kf97Tpdfwgk7onPiNDogzgK5K3w
jqNUrq2zv/yFobWBdIOc9UcBB70xVO3UcFmxi6rs0mR0MxrBlDVzeXR8cbhORG92a2Rs9laTAaJh
37F+V6Ox2V+Nxizg8yOZgCHF/DZa01sM6lvYkklEmiURe7/gSntxWpKLgqYj+/FvzvHON9/gbcHv
b9j/xTzhIRsHfAku6n1Mf3FOwa1vOnC7lRMbQ1zwXTbLIhcNkxG2l3KtCgDcx430PVyYM+XXxm9/
ZmB/ZmB/ZmB/ZmB/ZmD/dRlYszEXkUh4gLlHxLGV0aiAAVJACApzsVFj0O63hzAyzfzAw6bHcAiJ
TSJT6UqA0N/uNxs89q2Zcz+FO7656XlDvuXtbLjDna2dvjfYcbfEVnc47E97Qgyn2xsbO9vbsCDh
14E/hTXddq/f7sJIZtD64keevFXs7JJ9OT5r/bD/98/ff39wvn30iW22B4xwYjub3S5by6dqDYIQ
3Ouziz474JC9gL+AoUPPR/e/zvZODzYRUWxOjBpbgHYf7r6KyDNUdPXDK6kQh+Ozs0sYoJtbSOeK
xE4hAw/EzaWUgbKYWQzZfOy1ewMCzLN0IROFkbHkOrsUPETRECt/Aiy6NHlIf2FcRBxcBCAINiGa
DU/EgC4CgWdKztIDeyDklHXmeKDOFhgFYETwbHK5d3H5GUV9K6bKTxHvRZrGCrQOBLjIpm1Xhpby
dAoYQP9elsr9QPDkhM/nFuXVcZv8viGoQn0K2izuUf1Kait7a1dQkjs+n1x+Ob84OXiaYELqMoHl
/7jsVAkCyj8E/KsfHQlEriDbGqyKvN/uVWn2fUxTfT/CJW9GehWq45T42NdPcYPIy5YmmNvklYMV
8iqkvREp02wp3OdJD/HdPz+bnJ8c7i+4jbA9WhXIPSW8XIgzcfvp8OL8w8Xx2eFbSaQG1nEslJ5P
HdQI4d742KIsH6mrWY2qn+XPUmzhv7ciqIToOAaJ4uI5pPyN+3a8odsqEfe840Iu/SjsDUP3rYgo
ITrOz4CB4xg8nkR//MOY0sOL8Uc7alqjNjHbFFDe3DYoM0Xdeb4GnU6wZrODUz5Sdc5VfBuHNzKY
ABZvxXizKeBd7P6MOHR7e9sWgAlCbafXRM9SQShf7kMeJGyi7GGbss32sD2o0vY37l6fIqcOONQo
H7PlWxGpAQONFjKvjkMaWKdCGNB/Jo94YBuSGXjYLzfO9i9aH7E1UqeztXcy/rTXQ9Hn6Qb+ze8H
5u/Q/N14LV80is/X2e+FiI8j7GvJZGmRWh2v+/XHo1HTJnmrertdvd2p3vZqi3u91/Khgv/LFAMt
Ifa/Lj1FyoFcuuCQ74bniW0G5dgTqdfZHMJs9FaKr7elphns/VGAf/pIFQYZ45Py/pj5k4WMLTry
kXux24iglkd+GrcgOVWsMxcymfscErfGowqwQqbNmk28khUG8+cr+8QP40B8kUng6fLWYsP9Z48n
MyXNfZtm81fT2LvHi9eSui+TVNyNIbe5h+cLyA94HIvkArNuIqskvvbkP57x1BB4Pk0qg2Uf9i4s
Yoqhx+3yp8YR9+cimfxjglibSPVG9BSgHSdHp7x6Dl0/8MgPAm5KgVDgIUZJ4qqn1T4CqN4Vqdy9
DHzv605/26JzuEJ9y7D0SvpvNIKQisvkSb/0sYzEOX6dVRQiW2QqLsQtT+yK0BqsMqFbT0dODn6s
U/6/nrhp9/r9YdEAaK70Yq/2UrCn45QovjpJATit0/3xYcciFzhCnmCcwJhrV2WV4aohDNrbVa7w
wM+CN8vMNDTHuUUMYo1BnehnNkROMz+Z+SLwrBZby7SDOmkiRCfkmLJ1KtRiyyS45UtF6a/dMLFG
axk5JV52mFv4gR+zCfwJ8KTxjXgTE1hloDoOJ4zoqMdxirDzCJOIuCj1f8BDIIuyfOiJAvx77ieZ
OuDJ9USIa9jsjeiqw3WcHKPy6jleDztAkLXVmlw4YhMGiLZ37tcZZ1Im3iLz1eP5yIsz0DfyAz8D
ilGOIogeCPOjG+BPQeHTDaMEZrik8nbHyBqtyn/jjy00rY0dp4rF6wrO/YVQaS09Lcds2oZ/RMkf
Zr8Ajo7j4paKMkt796f7Y6E3AQnHFelYg09kVZ8kbpp+OmB/YfvSAx/v9bu9HUtaRVv7DwlUbugp
jSnQbWP9NOF0MLkXiKSSpVSGKw73j9VLe18gpYrF6zTz0JWRDJfV/qA1aFO30d6qt3hkJKbw31sR
aMA5jtAYAEzHqWDzpMgOlcKDXR6o8aFNkj1cjZG9ur6eiDlidj7DrGT1mcor6bOxuB8Xn58xEYIa
v06FMmAAuFyIVRbpZqAeaGr1LxXen2Tif5WRejNHagN1HI3JcwmnLg4kFLW2fDFUTwn67dPzg3ol
FPAbP1PUnhon/A7fnInkjbsAm3yqkfVKmqvbOE6Ob3n1rJYrn/vuF1uD85GqHId15f1RRKALBzx6
RqPud50LGnyekwETQVmQ+pTO2jSVg1Vp3uu37n8V7mJ8ih0aePCDf+df7/+z8WbxEdCgtB6osVF6
qWFaWHYsQNj6X/HunnUEsPLNvkeD6lv3nVe+iPPcZsU4S8RYJGGFpmKsLtpaDNkcHh11u5AbQJ2D
b1scRzM/8tM3o+xKb+A4BUbW5WsOd3GtqdVKONhMFTGUC3YnVQ883mR+4wZNfn6g9/69JweGAiSO
CtUx92wZW4NPFGh4duAmfJa+XW2W0OYxbA7U2oi8lFYLN/tNmPGKetzaB/uOonKKQrf3ju67NX3/
CbwepuNI9r2y9cF23UtSYTt/e6w1CejiW4wvaTN/Ffq1zUp/uRis68DgjyhmaL8T3A97xvn1C9rE
99vD9zzU89vCzXvB9XcFVaURerXZlph2ctqAcEhhJ7GsNMaLoSecU96ff7MSpuj3P79xlq9p3y2/
EjkyxlahLchiqN4nrUlywoNQRgdvRk4Oz3FyDMqrZ6nk9ZJyZFsn86FHCstIMpzN1oTnp2y6ZIts
Lg/+OYexZP3BF8C0rm6+jNZqMWjcI9RoFJ7zVHA5DiT2Qunv07ngEadXwRUEfPutFGu0/lJHr5YO
XiY8uoQkZfEWZ5CUqpjEHJt6k5iHiIR96lGg5jjm5oVnczyJ7x/K4WCl+3PfAI94cO0n1+ptXusD
cCpF5qkZKegkkLfWbaWWLMmfGRwcRxHet4B3cWCnaXhWilir5Cy2V91vr7cqQ3yRkK30cxUTbE37
Udz4MgOKW/l444HkUZdxFtq/N3UkML/hq6D4TYUAp1F7ozN/HRcAt1qa2BZIyyei6B3VtvnIwBf4
Zum7cXHH9iUk0nOGnyw5iRO9m2QRm4iY9Qesuzkabow2NtiX4w/4kus2Tghl6u06WbfLt4T+E+g/
177v66uEVR4M/ynAIOhyE9wWqyy2ViF08wlSDL58t7fTG/Rx8HYBrGoFvkp3u3jPo0hmkYtnIRjU
W9xd+OJG0CnZrowIDp4ptMzxCwhrt9Uj5PmdWaR2hxpWALrdmtGXPbtyNisX88gPQcUrAEM5zQfQ
i4bSExqlmUwAn2LMAAKReK5Mivv4JjarPX82812o/Za7hJh+SzqVSUuJNPWjudrFYXrjq4WGsPsp
m5YjSgjPmoDftu0eHB7tfT65xFGjAr9kIlmaDc1QAm46xwav2zFXCmpab/cb+gcMyVLZUvxGmIU3
vrhtecB7/Jprl1TgbirvWmh4Zgq+wVwcULWXYYAqRt9MMZe0K0voWJuUjAGrWEV1QenY5UIowXLa
GU8ESxeCQQRRcMFT5qLQIYgJ5kdukHnCgwt2T7kR1kRCzJMzBFCHqfhMNJmEJ4lCkGyaCH7NljJL
DCz8wApE6M982gGkl4AGBUsEfCZuC3AdT8w4yE+xWxn9NWWYRfGEIfdCIBY/l1sihtjj0XTfLkTE
sniecA+/jXEi1HYNbORE7N3lAiqIVgBDgEXAo3mGH3jhd3vEMmMZyod7CPw88L/qdwVg6T5+86Gp
qC4Enuf+RUTtW//ajyEX4G2ZzDt41zkBwV7J2dXx5Pxqc7DT6l/hOmBjAWjEHPCfc6eBG31ZCOQd
SyXgE3kMqDQfMYCYMEAEPAW+0WPiJmEKeMCVSEmkHvhRV7AFfRiFIyEA1uZTbol+GobVIks9iXan
P9JEXMw791Mn6wk+kDAV3Ydwgcl3LMBRb8tnoxuN8B6aN0PXQV86aKfKbnzO/o7GAVPISPJT1WLn
d5MFrOOov0oCngYBLURuALFMgXpCNAEVIboh+4GZEJA85GD5oAUYT6UC/CFGKoJ/SPaYAwJmMHQU
+C0YKAviCumaUTGYbqy3eGoB+uKDDGQE2sY9jyVCaaVEPPH7GsCHK4gh6BwZqOJUIENAHuKXjAco
qbl/A3NveJBBpmi2xK8KAbjeD7yGQIfcAkHj5y4jeIo7n2XhFD9+mbE9tYzcS66uwRgSKFBVG59/
VsASVN2cSJy1SCBPzEBbYLZqMmqnMeP9QJubwIYQ2KYwzhNbIFLiWJhFYFQ4hWBPSJuAHrC7RN6B
p04FsADIISuICtSQqxqd4xkaL05BI20yP/0rcC5NaJUnMFCQgtbWsjWgAATN+sgRoqFlqBwRpJpd
UEBhSRbhp2io7cDwmLhPX5CoNjsQN+aahRh2mJtwtWjavsioI3IjSbI41aOaWciUEDDTRJFQQc2A
Q2CQ2vY4fiMJOK9GAHUDNU0Cj0Gp2qV64ad/ek5uBxAxIaAlS3JQHwM5BZXBLInpYTCsECoLkG0o
5ny6TIHVbKKZ3CW2+goha/cGiN76xHJSI4aBV8PJNUsRcTMf0APfLPD1RYQyA8eY76gVG8SUkT3O
JUhIokNAbYB95oRkixBDRR1uO+QiKRql4GK5919OAaaUBf79rf59/DGt+F34q1TGhILx0gVKBppi
4DIwMxBejhDumWPV1SiR1X8hUzCYqb/+ftzIGAgZdBHMzSAARxCAmbgTbkZuXGpktRViwC5mizsX
MiNV0kJ+6vzycMQuPx1P2Mnx6fEluOnxyfHhhI0PLxgk5N8fXjQZTGKX5zDrkH35dH5yyMYX5/uH
k0m7ZvSrGAEFhC8pH0GPq5A0+goz50PhVXvAcIgoHnoSmtHC91a1P6U4LqGsisAPgwIhoQ/pl9Yr
SIsDCvHocPQ0hzIuhAE+tvTXuTGzd+cYKDDFoent+5NR+KZcAmHFwsVMSDMUcdXS1GsLAkCfRKxK
MgddQ6daX4mQoXqgqZ7zZAqG0HJlEOhkHb3NSq6SXSEqZg0za8BDhzzKKOeysYB8NAOtW2/mnr+m
dkbvdPSczQCSpjQsja3NzrVn1woOKYnMAq/AxIdAcRuxEne0YBYT6kDhZreriWTvjsgn3AuBpCx6
dUHVLJFhHklxrXnesvXQEipQYWRX14UVCmQrwyRPjVFEiaSXsnKd9bIw1kmaTlbNeAvHtXwOcIaZ
TRgTejnecAehG+yZr2AphGIIaAD+BhRKqUyg7acLkNI8T6rRI+FeJUrNXHA68JvcGVGjiQ9xB0s+
d5FF10qjvc9jHPPDLIS4GeFHvnl1g3JjujzUCJTMRLMwHCTDuK9OUE7EhAxt1sIsP4M4OjQiOpD6
QV11Mc1Bf6Zh49TcSDQcM80iiLKAlsvxNR0jCcCAsg7IAJFfgJROFTSImGOxxfQKTVhJFCwjDmoi
8k1xapELA8/wq8Qc5mNgHtM3J4pEiuIpqh2wpUBniFOeQg2PGTrhqvBXA5iJGOSydC1nnupAMRVF
rkhh6p0tlPwJuspkmSLsJmv1LHmhrGjbVpqjAo54Y1P74TIHpQobE0BP04x1D+XnuBZ/vUHj1Gaf
IJcDxdml5Iztjz83YS1gMAUjuvU9UG8K+OQRC/AtAj9iWyZhLlNpRYyxprbZngcOaMGDWQfqYp3d
ewLU1WwEWzJsNaE+WeZWBDALll2I3KG3wvyQB03tCnFj84lzm4FvEeSlMAf+PI7GeQZdlrlYHOAi
er8Xa9wobpnbaq1yauxO+V9FIWHMtHPBYl8xT4YgE9f6YsXP4U5fL1pvs7FZE/BkTgu4qbaNduCG
s4TPkTSQE5bQcUD5CJanIWCO1s4TlN1+4GPziFoC+HW8UCk7vfxMiCogCGmeZinDFgSJt9xNlwtt
42nCNGvhohHhikrviWk21yovTWRlmFklZPomqcHCB0MUfhfeLp4q5JGuBxZx2498RKNH8sxnaAfw
hScRRnVrJXY7TBxHKAYA+FDILlCA5cyQgwWHIIEUFQcKF/zFQXSFIMKQ3CJAzlMC3A7kGrX8mWk0
emXNDG79O9bDysqkmVhDE/15/ax0S0TkdbVj7GtEZJmiWLEO+OM0Ay/QmbvaXgARrEqMJjmR9tIj
3fyQUFqjceYlmMhra/LkHk85U/zGBAtsbeWNQ3xUoM+BcPB/gqeaqUANbdfMc34qFMGCKPlSMSSa
lIxF0sV3pWklqNIpsNPlaCyhvMnLbgxxxDvdbsyf6O2saivv7lXaQiJvBDCSSKobYjTVKHumTGfC
BYNPyRuaJS29ZMRi4OCNH1DeXjFefIkDwpEBR06FcjqgFZ1Iio6k3zU5GAZIndohw7BTiOMmn8v5
WBkuKzHjonU6MOVKWJut9cBvrtilyfrwoLfqgUjd9jr5cCVsLEiR8PdPqDllmr1MQNTS+6H4NLOo
DVj2B708iqJZU9pPb6dr2AaOpYE6UppokNu3YaYpqyLkfVDPMpr5rEpndWU3k0r8vVBm6BVnOpwb
J4mqaGhDriCS2LABpcZLyjvYuwtKQqylpDmR0G2CqdCgpmKGLo063JQ+LHLbcczvMFWzGU05bpNT
Dn6d8Tqasf5lF9irYH4Vw+5KFHkCcDzqsZH5AqJmqRGyxmSArgO7J61M/85NGWZczFa02LDxZ/mn
A9poiueminw5clE7OtBD/LCQGbKY7jPlaREtsUlm71qgmu/YHKpVVTKlbGTlfGnfZ4xxgbfcp2oW
oo32yVNsysRZYCzYXGOSQFNMXKF+BplDK9YeEA0OvdqI5eUGmaBu2o202WF/kQprPaqTCyMh/BQj
7wGV3hw1u4XN4OpI4ZsqoxBe/GgmSxmAR2rpznM+byFRFIREOw5DCEeSUI1ktAyxOESfj31aVxU4
Y7VrHrPyMeFOXp3P54mYm8Zh0ZPF7Bp/EOy6RhjhBmZ6fnCOv4Fj4pfJGdAh3ApdknAwkVvaUBHa
BfY01LbOOiBDKfit9ZAkUucliFA/HRXx0wTAMsmmURlbegylSoRKYbXwmuCU4gVvwjCQjylNmuey
EJhmIoHqpIXuJcKYqh+ayKzbgbzSEDTnqVbEziBnh9yHPFTuCww8lLV+nO9QF66m0ZYupBJFIDNx
GiHi9DylRGGiJ8TdKNcxa/JWdrsAbx7Y8HMuPpoHGG+s5an13+oi5R3+1E81I/N+0cKMkUvAitAU
HcYnYK8dajmPUm9/VsCBgg2o0AkYuhgrcyJwxvvlEZ8HPgQwzaHDO45n5foGkyfAz4holMuKHoGS
YgtvxH6ibAbCVpN6ev9CiFSmFbmDfQJGFGB2neAhEvVR8mNHyj5XhSBKcSguKiouqB7Hd1YBUZM0
WKjTroQAXTE8p0RPT9Go3G3Ejk72Lkf9b7eaGzt3vebgbtDsf9v71oPYrt3nGr5O56Lj3N3uai+r
74Yb6zr/0+c1VhtDGzKGC2Ct6SVSHkbNQJCVu2T6V76yJPe3eVmXFCcx5FcADkQfl1JnlfOqlR8S
gQZQvv/uiBwK7UTTKzAyCvp65MoaaVHW2S6anjI2hQA4N2WKYfcaaydF1R+wY+pD3bLULRKah9QC
IlCx6QBBRqJJJOiQVSSFH2k0G+IuFZGidxZGvzbom9Tyt6imLiSDC2sAT+wijyf2kPn11OI+SwLr
1qNfyChuZ35A710VA/PQ/vGrBYQA/RoZ3PhgNzfWw5+Veb9jkx6HU328aM3AfMmjL2CLoditUHQh
Zqa1Yi8jr60qI5BKhNbAZHxi3YVL9UtAP9NlrtgGvnfTx2MS1sL3ITa6w+4WXL4/xl7f9kzw/nDW
3x5uzfjWRm+n2+1NxWCn6+5sc9HlLp+JwfYWew+wU3ktIgjnNpOWnA7O++b7469+rH/Ja0Pf6l8t
yyfD3V1YEYFESvrd7qDX6+NHfWDAkVL2lOqC2HQ0zefSW0AVvrm1ILnnSJSh7oqSF/rpO/3jaVp6
86kfcfzlDFqCH9wBq/xUDIqdfvvt36Ofprs=
===END CRASH DUMP===
