PocketMine-MP Crash Dump Fri Oct 12 19:13:29 WIB 2018

Error: Undefined property: PiggyCustomEnchants\Entities\PiggyLightning::$age
File: zip_PiggyCustomEnchants_dev-246_X1Fu5343spRNkl6/src/PiggyCustomEnchants/Entities/PiggyLightning
Line: 61
Type: ErrorException

THIS CRASH WAS CAUSED BY A PLUGIN
BAD PLUGIN: PiggyCustomEnchants v1.2.0

Code:
[52]                 $this->server->getPluginManager()->callEvent($ev);
[53]                 if (!$ev->isCancelled()) {
[54]                     $entity->attack($ev);
[55]                 }
[56]             }
[57]         }
[58]         if ($this->getLevel()->getBlock($this)->canBeFlowedInto() && Main::$lightningFlames) {
[59]             $this->getLevel()->setBlock($this, Block::get(Block::FIRE));
[60]         }
[61]         if ($this->age > 20) {
[62]             $this->flagForDespawn();
[63]         }
[64]         return $hasUpdate;
[65]     }
[66] 
[67]     /**
[68]      * @param Player $player
[69]      */
[70]     public function spawnTo(Player $player): void
[71]     {

Backtrace:
#0 zip_PiggyCustomEnchants_dev-246_X1Fu5343spRNkl6/src/PiggyCustomEnchants/Entities/PiggyLightning(61): pocketmine\utils\Utils::errorExceptionHandler(integer 8, string Undefined property: PiggyCustomEnchants\Entities\PiggyLightning::$age, string C:\Users\Administrator\Desktop\sb\plugins\zip_PiggyCustomEnchants_dev-246_X1Fu5343spRNkl6\src\PiggyCustomEnchants\Entities\PiggyLightning.php, integer 61, array Array())
#1 src/pocketmine/entity/Entity(1389): PiggyCustomEnchants\Entities\PiggyLightning->entityBaseTick(integer 1)
#2 src/pocketmine/level/Level(741): pocketmine\entity\Entity->onUpdate(integer 8253)
#3 src/pocketmine/Server(2361): pocketmine\level\Level->doTick(integer 8253)
#4 src/pocketmine/Server(2510): pocketmine\Server->checkTickUpdates(integer 8253, double 1539346409.0696)
#5 src/pocketmine/Server(2256): pocketmine\Server->tick()
#6 src/pocketmine/Server(2134): pocketmine\Server->tickProcessor()
#7 src/pocketmine/Server(1700): pocketmine\Server->start()
#8 src/pocketmine/PocketMine(249): pocketmine\Server->__construct(BaseClassLoader object, pocketmine\utils\MainLogger object, string C:\Users\Administrator\Desktop\sb\, string C:\Users\Administrator\Desktop\sb\plugins\)
#9 C:/Users/Administrator/Desktop/sb/PocketMine-MP.phar(1): require(string phar://C:/Users/Administrator/Desktop/sb/PocketMine-MP.phar/src/pocketmine/PocketMine.php)

PocketMine-MP version: 3.2.4 [Protocol 282]
Git commit: a66dd4a7d95c49792d39c7e70442b1ee4b855988
uname -a: Windows NT WIN-VCQUKKDO8FH 6.3 build 9600 (Windows Server 2012 R2 Datacenter Edition) AMD64
PHP Version: 7.2.2
Zend version: 3.2.0
OS : WINNT, win

Loaded plugins:
DevTools 1.13.0 by PocketMine Team for API(s) 3.0.0, 4.0.0
AutoClearLagg 2.0.0 by Potatoe for API(s) 3.0.0
BlazinFeed 1.2.1 by iiFlamiinBlaze for API(s) 3.0.0
BuyEnchant 1 by  for API(s) 3.0.0
CONSOLEChat 1.0.0 by TheNewHEROBRINE for API(s) 3.0.0
FormAPI 1.2.0 by jojoe77777 for API(s) 3.0.0
Jail 1.3.0 by hoyinm14mc for API(s) 3.0.0
PVPlevelRPG 8.2 by  for API(s) 3.0.0
MSpawns 2.2 by EvolSoft for API(s) 3.0.0
MysteryCrate 6.4.3 by JackMD, DaPigGuy for API(s) 3.0.0
NoFall 1 by NCR-Games for API(s) 3.0.0-ALPHA12, 3.0.0, 3.0.2, 3.0.3, 3.0.4, 3.0.5
KeepInventory 1.0.1 by  for API(s) 3.0.0, 3.0.0-ALPHA7, 3.0.0-ALPHA8, 3.0.0-ALPHA9, 3.0.0-ALPHA10, 3.0.0-ALPHA11
RandomOre 2.0.0 by Nguyen for API(s) 3.0.0
GuiShop 1.0.0-ALPHA1 by PHP-Devs /georgianYT for API(s) 3.0.0, 3.0.0-ALPHA10, 3.0.0-ALPHA11, 3.0.0-ALPHA12
SimpleWorldLoader 1.0.0 by  for API(s) 2.0.0, 3.0.0, 3.0.1, 3.1.0, 3.0.0-ALPHA1
SlapperRotation 1.2.0 by jojoe77777 for API(s) 3.0.0
superBAR 2.0.0 by Array, JackMD for API(s) 3.0.0
VanillaEnchantments 3.1.0_ALPHA by TheAz928 for API(s) 4.0.0, 3.0.0, 3.0.2, 3.0.3
VoteReward 3.0.3 by LDX for API(s) 4.0.0+dev.1224, 4.0.0, 3.0.0, 3.0.0-ALPHA12
WorldProtect 2.3.8 by aliuly for API(s) 3.0.0
AlwaysSpawn 2.2.4 by Philip Shilling for API(s) 3.0.0
AntiVoid 1.0.0 by KairusDarkSeeker for API(s) 3.0.0
AutoInv 0.0.9 by JackNoordhuis for API(s) 3.0.0, 3.0.0-ALPHA8, 3.0.0-ALPHA9, 3.0.0-ALPHA10, 3.0.0-ALPHA11, 3.0.0-ALPHA12
Broadcaster 1.5 by EvolSoft for API(s) 3.0.0
ChestShop 4 by  for API(s) 3.0.0
CmdSnooper 1.2.0 by HotshotHD & CodeRed2019 for API(s) 1.13.0, 4.0.0, 3.0.0, 3.0.0-ALPHA12
CustomAlerts 2 by EvolSoft for API(s) 3.0.0
EconomyAPI 5.7.2 by onebone for API(s) 3.0.0
EssentialsPE 2.1.0 by LegendsOfMCPE Team for API(s) 3.0.0
InvSee 0.0.1 by BlockHorizons for API(s) 3.0.0
KillChat 1.0.2.MOD by Array for API(s) 3.0.0-ALPHA12, 3.0.0
MagicWE 0.4.0 by XenialDan for API(s) 3.0.0-ALPHA12, 3.0.0, 4.0.0
MultiWorld 1.4.3 by CzechPMDevs, VixikCZ for API(s) 3.0.0
PiggyCustomEnchants 1.2.0 by DaPigGuy for API(s) 3.0.0
PurePerms 1.4.2 by 64FF00 & ProjectInfinity for API(s) 3.0.0
Repair 1.0.1 by JackMD for API(s) 3.0.0
RocketPads 1.0.0 by Gamecrafter for API(s) 3.0.0
Sell 1.2.10.2 by Array, KairusDarkSeeker, JackMD for API(s) 3.0.0, 3.0.0-ALPHA12
SizePlayer 1.0.3 by  for API(s) 3.0.0
Slapper 1.4.0 by jojoe77777 for API(s) 3.0.0, 3.0.0-ALPHA12, 4.0.0
TeaSpoon 1.0.1 by CortexPE for API(s) 3.0.0
TopVoter 3.0.0 by SalmonDE for API(s) 3.0.0
SkyBlock 2 by no name (edit by hugoDZgamer) for API(s) 3.0.0, 4.0.0, 3.0.6
FactionsPro 1.3.13 by TranThanhNguyen for API(s) 3.0.0
SimpleWarp 4.0.1 by Falkirks for API(s) 3.0.0, 4.0.0
PureChat 1.4.11 by 64FF00 for API(s) 3.0.0

----------------------REPORT THE DATA BELOW THIS LINE-----------------------

===BEGIN CRASH DUMP===
eNrtPGlz4zayfwVPM7Vr5+mWfCnl1PP4mPHGh9byZLIbbrkgEpIYkwRDkLY1qfz37W6AJEjLZ5x9
+yFTlZgEgUbfF0j92kj9UDRGvY3BzmC4OezuNBsBV+lhksikMfq1kS5jeNyg+8M7V8SpL6NGsxEK
pfgcH32OPDHzI+GxOJGxSNLliI39+Xy5n6lUhoeRu+BRqhznMEr91BdwRY9P/PkijfxoPhq9R0jN
xiwLgiM/QKD7I8f5rEQCk/e80I98lSY8lYnjHAh1ncrYcdTUceIgm/sRTPrqx1crNr3yxE2rP9y8
+rF3lG0MhgMVX5xdB5uwOnENHs9Fsx0vYkRSI/jCDTuwX2fF/E6+W6e6GWwUAE8bo81eswGku3D5
U+Ndl/3B+65t9tZHLJbutUiB7cJxstQPgBef8c9oJCp68IlHXiCSNT9KxVwkbLvJQE4Ahr2RUhTw
/kv1ocly0kFOjCcJX7I9/P/a+jqI8F2PIf9LdnYEAltq7i/XeoPtnfUXMqb1nYbxgStx6bvXBfN7
tGO/vmMgbkTQOcH/r20N69LVsMxuy9Z3MvocezwVpUj7GwMCPKgDnojkBmTfH9xTGdrScWjP1nee
rKBZABw+BHCj160B1E9a37kL4V4jNI2kqgBtMk9m00Cw0pe1u5s7m7TZxkOb9Tc2H9gsRaxp8eZD
i3uD4SOLx4l0wUvKREPZegBKb6v7EL0q5UmqV2/XV4/p8hQu1/rDnQcAXF25MgJTydx0DRVmH3y7
OpHcA57J6c/CTZurjP2U+9GJnM+tWS+zw1fbLdG6A8s6tKpTWdQxazpqapHfOh2DKXJgJDAhEb9k
fiLWzPY4Pup0XgOu8yC/0fDXG//6rdkQ/y9R8j8dgIBQLR/YdQUEmOlKTyAbNvowhdX+vU8XvgJd
Nio5F+mYoJ3yCAgC4wC75kFweAO+aO29uFn/FiBuDFZA8mds7X9gRus7X+3zyBVBIDzwtOxXXDFc
sYL2F8a38TTlYNLFFhsrFvyGDzZrD2hwyxqkgW1rADEzdAJ92tmu0/WHQOKe+IwIjT6Io0DeCu84
SuXaOvvLXxhaG0g3yFl/FHDQG0PVTg2XFbuoyi5NRjejEUxZM5dHxxeH60T0ZrdGxmZvNRkgGvYd
63c1Gpv91WjMAj4/kgkYUsxvozW9xaC+hS2ZRKRZErH3C660E6cluShoOrIf/+Yc73zzDd4W/P6G
/V/MEx6yccCX4KLex/QX5xTc+qYDt1s5sTHEBd9lsyxy0TAZYXsp16oAwH3cSN/DhTlTfm389mf6
9Wf69Wf69Wf69Wf69d+VfjUbcxGJhAeYeEQcmxiNChggBYSgMBEbNQbtfnsII9PMDzxsdwyHkNUk
MpWuBAj97X6zwWPfmjn3U7jjm5ueN+Rb3s6GO9zZ2ul7gx13S2x1h8P+tCfEcLq9sbGzvQ0LEn4d
+FNY0233+u0ujGQGrS9+5Mlbxc4u2Zfjs9YP+3///P33B+fbR5/YZnvACCe2s9ntsrV8qtYgiL+9
PrvoswMOqQs4Cxg69Hz0/ets7/RgExHFtsSosQVo9+Huq4g8Q0VXP7ySCnE4Pju7hAG6uYVcrsjq
FDLwQNxcShkoi5nFkM3HXrs3IMA8SxcyURgWS66zS8FDFA2x8ifAokuTh/QXxkXEwUUAgmATotnw
RAzoIhB4puQsPbAHQk4pZ44H6myBUQBGBM8ml3sXl59R1LdiqvwU8V6kaaxA60CAi2zadmVoKU+n
gAH072Wp3A8ET074fG5RXh23ye8bgirUp6DN4h7Vr6S2srd2BSW54/PJ5Zfzi5ODpwkmpC4TWP6P
y06VIKD8Q8C/+tGRQOQKsq3Bqsj77V6VZt/HHNX3I1zyZqRXoTpOiY99/RQ3iLxsaSK5TV45WCGv
QtobkTLNlsJ9nvQQ3/3zs8n5yeH+gtsI26NVgdxTwsuFOBO3nw4vzj9cHJ8dvpVEamAdx0Lp+dRB
gRDujY8tyvKRuprVqPpZ/izFFv57K4JKiI5jkCgunkPK37hvxxu6rRJxzzsu5NKPwt4wdN+KiBKi
4/wMGDiOweNJ9Mc/jCk5vBh/tKOmNWoTs00B5c1tg/JS1J3na9DpBAs2OzjlI1XnXMW3cXgjgwlg
8VaMN5sC3sXuz4hDt7e3bQGYINR2ek30LBWE8uU+5EHCJsoetinbbA/bgyptf+Pu9Sly6oBDgfIx
W74VkRow0Ggh8+o4pIF1KoQB/WfyiAe2IZmBh/1y42z/ovUR+yJ1Olt7J+NPez0UfZ5u4N/8fmD+
Ds3fjdfyRaP4fJ39Xoj4OMKmlkyWFqnV8bpffzwaNW2St6q329Xbneptr7a413stHyr4v0wx0BJi
/+vSU6QcyKULDvlueJ7YZlCOPZF6nc0hzEZvpfh6W+qYwd4fBfinj1RhkDE+Ke+PmT9ZyNiiIx+5
F7uNCGp55KdxC5JTxTpzIZO5zyFxazyqACtk2qzZxCtZYTB/vrJP/DAOxBeZBJ4uby023H/2eDJT
0ty3aTZ/NY29e7x4Lan7MknF3Rhym3t4voD8gMexSC4w6yaySuJrT/7jGU8NgefTpDJY9mHvwiKm
GHrcLn9qHHF/LpLJPyaItYlUb0RPAdpxcnTKq+fQ9QOP/CDgphQIBZ5glCSuelrtI4DqXZHK3cvA
977u9LctOocr1LcMS6+k/0YjCKm4TJ70Sx/LSJzj11lFIbJFpuJC3PLErgitwSoTuvV05OTgxzrl
/+uJm3av3x8WDYDmSi/2ai8FezpOieKrkxSA0zrdHx92LHKBI+QJxgmMuXZVVhmuGsKgvV3lCg/8
LHizzExDc5xbxCDWGNSJfmZD5DTzk5kvAs9qsbVMO6iTJkJ0Qo4pW6dCLbZMglu+VJT+2g0Ta7SW
kVPiZYe5hR/4MZvAnwCPGd+INzGBVQaq43DCiM55HKcIO48wiYiLUv8HPAGyKMuHnijAv+d+kqkD
nlxPhLiGzd6Irjpcx8kxKq+e4/WwAwRZW63JhSM2YYBoe+d+nXEmZeItMl89no+8OAN9Iz/wM6AY
5SiC6IEwP7oB/hQUPt0wSmCGSypvd4ys0ar8N/7YQtPa2HGqWLyu4NxfCJXW0tNyzKZt+EeU/GH2
C+DoOC5uqSiztHd/uj8WehOQcFyRjjX4RFb1SeKm6acD9he2Lz3w8V6/29uxpFW0tf+QQOWGntKY
At021k8TTqeSe4FIKllKZbjicP9YvbT3BVKqWLxOMw9dGclwWe0PWoM2dRvtrXqLR0ZiCv+9FYEG
nOMIjQHAdJwKNk+K7FApPNXlgRof2iTZw9UY2avr64mYI2bnM8xKVp+pvJI+G4v7cfH5GRMhqPHr
VCgDBoDLhVhlkW4G6oGmVv9S4f1JJv5XGak3c6Q2UMfRmDyXcOriQEJRa8sXQ/WUoN8+PT+oV0IB
v/EzRe2pccLv8LWZSN64C7DJpxpZr6S5uo3j5PiWV89qufK5736xNTgfqcpxWFfeH0UEunDAo2c0
6n7XuaDB5zkZMBGUBalP6axNUzlYlea9fuv+V+EuxqfYoYEHP/h3/vX+PxtvFh8BDUrrgRobpZca
poVlxwKErf8VL+5ZRwArX+t7NKi+dd955Vs4z21WjLNEjEUSVmgqxuqircWQzeHRUbcLuQHUOfi2
xXE08yM/fTPKrvQGjlNgZF2+5nAX15parYSDzVQRQ7lgd1L1wONN5jdu0OTnB3rv33tyYChA4qhQ
HXPPlrE1+ESBhmcHbsJn6dvVZgltHsPmQK2NyEtptXCz34QZr6jHrX2w7ygqpyh0e+/ovlvT95/A
62E6jmTfK1sfbNe9JBW287fHWpOALr7C+JI281eh39ms9JeLwboODP6IYob2O8H9sGecX7+gTXy/
PXzPQz2/Ldy8F1x/V1BVGqFXm22JaSenDQiHFHYSy0pjvBh6wjnl/fk3K2GKfv/zG2f5mvbd8iuR
I2NsFdqCLIbqfdKaJCc8CGV08Gbk5PAcJ8egvHqWSl4vKUe2dTIfeqSwjCTD2WxNeH7Kpku2yOby
4J9zGEvWH3wBTOvq5storRaDxj1CjUbhOU8Fl+NAYi+U/j6dCx5xeg9cQcC330qxRusvdfRq6eBl
wqNLSFIWb3EGSamKScyxqTeJeYhI2KceBWqOY25eeDbHk/j+oRwOVro/9w3wiAfXfnKt3ua1PgCn
UmSempGCTgJ5a91WasmS/JnBwXEU4X0LeBcHdpqGZ6WItUrOYnvV/fZ6qzLEFwnZSj9XMcHWtB/F
jS8zoLiVjzceSB51GWeh/XtTRwLzG74Kih9UCHAatTc689dxAXCrpYltgbR8IoreUW2bLwx8gW+W
vhsXd2xfQiI9Z/i9kpM40btJFrGJiFl/wLqbo+HGaGODfTn+gC+5buOEUKberpN1u3xL6D+B/nPt
+76+SljlwfCfAgyCLjfBbbHKYmsVQjffH8Xgy3d7O71BHwdvF8CqVuCrdLeL9zyKZBa5eBaCQb3F
3YUvbgSdku3KiODgmULLHL+AsHZbPUKe35lFaneoYQWg260ZfdazK2ezcjGP/BBUvAIwlNN8AL1o
KD2hUZrJBPApxgwgEInnyqS4j29is9rzZzPfhdpvuUuI6bekU5m0lEhTP5qrXRymN75aaAi7n7Jp
OaKE8KwJ+GHb7sHh0d7nk0scNSrwSyaSpdnQDCXgpnNs8Lodc6WgpvV2v6F/wJAslS3Fb4RZeOOL
25YHvMdPuXZJBe6m8q6Fhmem4BvMxQFVexkGqGL0wRRzSbuyhI61SckYsIpVVBeUjl0uhBIsp53x
RLB0IRhEEAUXPGUuCh2CmGB+5AaZJzy4YPeUG2FNJMQ8OUMAdZiKz0STSXiSKATJpong12wps8TA
wq+rQIT+zKcdQHoJaFCwRMBn4rYA1/HEjIP8FLuV0V9ThlkUTxhyLwRi8Vu5JWKIPR5N9+1CRCyL
5wn38MMYJ0Jt18BGTsTeXS6ggmgFMARYBDyaZ/h1F360RywzlqF8uIfAzwP/q35XAJbu4ycfmorq
QuB57l9E1L71r/0YcgHelsm8g3edExDslZxdHU/OrzYHO63+Fa4DNhaARswB/zl3GrjRl4VA3rFU
Aj6Rx4BK8xEDiAkDRMBT4Bs9Jm4SpoAHXImUROqBH3UFW9BXUTgSAmBtPuWW6KdhWC2y1JNod/oL
TcTFvHM/dbKe4AMJU9F9CBeYfMcCHPW2fDa60QjvoXkzdB30pYN2quzG5+zvaBwwhYwkP1Utdn43
WcA6jvqrJOBpENBC5AYQyxSoJ0QTUBGiG7IfmAkByUMOlg9agPFUKsAfYqQi+IdkjzkgYAZDR4Ef
goGyIK6QrhkVg+nGeounFqAvPshARqBt3PNYIpRWSsQTv68BfLiCGILOkYEqTgUyBOQhfsl4gJKa
+zcw94YHGWSKZkv8pBCA6/3Aawh0yC0QNH7uMoKnuPNZFk7x45cZ21PLyL3k6hqMIYECVbXx+WcF
LEHVzYnEWYsE8sQMtAVmqyajdhoz3g+0uQlsCIFtCuM8sQUiJY6FWQRGhVMI9oS0CegBu0vkHXjq
VAALgByygqhADbmq0TmeofHiFDTSJvPTvwLn0oRWeQIDBSlobS1bAwpA0KyPHCEaWobKEUGq2QUF
FJZkEX6HhtoODI+J+/QFiWqzA3FjrlmIYYe5CVeLpu2LjDoiN5Iki1M9qpmFTAkBM00UCRXUDDgE
Bqltj+MHkoDzagRQN1DTJPAYlKpdqhd+96fn5HYAERMCWrIkB/UxkFNQGcySmB4GwwqhsgDZhmLO
p8sUWM0mmsldYquvELJ2b4DorU8sJzViGHg1nFyzFBE38wE98M0CX19EKDNwjPmOWrFBTBnZ41yC
hCQ6BNQG2GdOSLYIMVTU4bZDLpKiUQoulnv/5RRgSlng39/q38cf04rfhb9KZUwoGC9doGSgKQYu
AzMD4eUI4Z45Vl2NEln9FzIFg5n66+/HjYyBkEEXwdwMAnAEAZiJO+Fm5MalRlZbIQbsYra4cyEz
UiUt5KfOLw9H7PLT8YSdHJ8eX4KbHp8cH07Y+PCCQUL+/eFFk8EkdnkOsw7Zl0/nJ4dsfHG+fziZ
tGtGv4oRUED4kvIR9LgKSaOPMHM+FF61BwyHiOKhJ6EZLXxvVftTiuMSyqoI/DAoEBL6kH5pvYK0
OKAQjw5HT3Mo40IY4GNLf50bM3t3joECUxya3r4/GYVvyiUQVixczIQ0QxFXLU29tiAA9EnEqiRz
0DV0qvWVCBmqB5rqOU+mYAgtVwaBTtbR26zkKtkVomLWMLMGPHTIo4xyLhsLyEcz0Lr1Zu75a2pn
9E5Hz9kMIGlKw9LY2uxce3at4JCSyCzwCkx8CBS3EStxRwtmMaEOFG52u5pI9u6IfMK9EEjKolcX
VM0SGeaRFNea5y1bDy2hAhVGdnVdWKFAtjJM8tQYRZRIeikr11kvC2OdpOlk1Yy3cFzL5wBnmNmE
MaGX4w13ELrBnvkKlkIohoAG4G9AoZTKBNp+ugApzfOkGj0S7lWi1MwFpwO/yZ0RNZr4EHew5HMX
WXStNNr7PMYxP8xCiJsRfuSbVzcoN6bLQ41AyUw0C8NBMoz76gTlREzI0GYtzPIziKNDI6IDqR/U
VRfTHPRnGjZOzY1EwzHTLIIoC2i5HF/TMZIADCjrgAwQ+QVI6VRBg4g5FltMr9CElUTBMuKgJiLf
FKcWuTDwDL9KzGE+BuYxfXOiSKQonqLaAVsKdIY45SnU8JihE64KfzKAmYhBLkvXcuapDhRTUeSK
FKbe2ULJn6CrTJYpwm6yVs+SF8qKtm2lOSrgiDc2tR8uc1CqsDEB9DTNWPdQfo5r8acbNE5t9gly
OVCcXUrO2P74cxPWAgZTMKJb3wP1poBPHrEA3yLwI7ZlEuYylVbEGGtqm+154IAWPJh1oC7W2b0n
QF3NRrAlw1YT6pNlbkUAs2DZhcgdeivMD3nQ1K4QNzafOLcZ+BZBXgpz4M/jaJxn0GWZi8UBLqL3
e7HGjeKWua3WKqfG7pT/VRQSxkw7Fyz2FfNkCDJxrS9W/Bzu9PWi9TYbmzUBT+a0gJtq22gHbjhL
+BxJAzlhCR0HlI9geRoC5mjtPEHZ7Qc+No+oJYBfxwuVstPLz4SoAoKQ5mmWMmxBkHjL3XS50Dae
JkyzFi4aEa6o9J6YZnOt8tJEVoaZVUKmb5IaLHwwROF34e3iqUIe6XpgEbf9yEc0eiTPfIZ2AF94
EmFUt1Zit8PEcYRiAIAPhewCBVjODDlYcAgSSFFxoHDB3xpEVwgiDMktAuQ8JcDtQK5Ry5+ZRqNX
1szg1r9jPaysTJqJNTTRn9fPSrdERF5XO8a+RkSWKYoV64A/TjPwAp25q+0FEMGqxGiSE2kvPdLN
DwmlNRpnXoKJvLYmT+7xlDPFb0ywwNZW3jjERwX6HAgH/yd4qpkK1NB2zTznp0IRLIiSLxVDoknJ
WCRdfFeaVoIqnQI7XY7GEsqbvOzGEEe80+3G/Inezqq28u5epS0k8kYAI4mkuiFGU42yZ8p0Jlww
+JS8oVnS0ktGLAYO3vgB5e0V48WXOCAcGXDkVCinA1rRiaToSPpdk4NhgNSpHTIMO4U4bvK5nI+V
4bISMy5apwNTroS12VoP/OaKXZqsDw96qx6I1G2vkw9XwsaCFAl//oSaU6bZywRELb0fik8zi9qA
ZX/Qy6MomjWl/fR2uoZt4FgaqCOliQa5fRtmmrIqQt4H9Syjmc+qdFZXdjOpxN8LZYZecabDuXGS
qIqGNuQKIokNG1BqvKS8g727oCTEWkqaEwndJpgKDWoqZujSqMNN6cMitx3H/AhTNZvRlOM2OeXg
1xmvoxnrX3aBvQrmVzHsrkSRJwDHox4bmS8gapYaIWtMBug6sHvSyvTP3JRhxsVsRYsNG3+Wfzqg
jaZ4bqrIlyMXtaMDPcQPC5khi+k+U54W0RKbZPauBar5js2hWlUlU8pGVs6X9n3GGBd4y32qZiHa
aJ88xaZMnAXGgs01Jgk0xcQV6meQObRi7QHR4NCrjVhebpAJ6qbdSJsd9hepsNajOrkwEsJPMfIe
UOnNUbNb2AyujhS+qTIK4cWPZrKUAXiklu485/MWEkVBSLTjMIRwJAnVSEbLEItD9PnYp3VVgTNW
u+YxKx8T7uTV+XyeiLlpHBY9Wcyu8dfArmuEEW5gpucH5/gbOCZ+mZwBHcKt0CUJBxO5pQ0VoV1g
T0Nt66wDMpSC31oPSSJ1XoII9dNRET9NACyTbBqVsaXHUKpEqBRWC68JTile8CYMA/mY0qR5LguB
aSYSqE5a6F4ijKn6oYnMuh3IKw1Bc55qRewMcnbIfchD5b7AwENZ68f5DnXhahpt6UIqUQQyE6cR
Ik7PU0oUJnpC3I1yHbMmb2W3C/DmgQ0/5+KjeYDxxlqeWv+tLlLe4U/9VDMy7xctzBi5BKwITdFh
fAL22qGW8yj19mcFHCjYgAqdgKGLsTInAme8Xx7xeeBDANMcOrzjeFaubzB5AvyMiEa5rOgRKCm2
8EbsJ8pmIGw1qaf3L4RIZVqRO9gnYEQBZtcJHiJRHyU/dqTsc1UIohSH4qKi4oLqcXxnFRA1SYOF
Ou1KCNAVw3NK9PQUjcrdRuzoZO9y1P92q7mxc9drDu4Gzf63vW89iO3afa7h63QuOs7d7a72svpu
uLGu8z99XmO1MbQhY7gA1ppeIuVh1AwEWblLpn/lK0tyf5uXdUlxEkN+BeBA9HEpdVY5r1r5IRFo
AOX7747IodBONL0CI6Ogr0eurJEWZZ3toukpY1MIgHNTphh2r7F2UlT9ATumPtQtS90ioXlILSAC
FZsOEGQkmkSCDllFUviRRrMh7lIRKXpnYfRrg75JLX+LaupCMriwBvDELvJ4Yg+Zn04t7rMksG49
+oWM4nbmB/TeVTEwD+0fv1pACNCvkcGND3ZzYz38WZn3OzbpcTjVx4vWDMyXPPoCthiK3QpFF2Jm
Wiv2MvLaqjICqURoDUzGJ9ZduFS/BPQzXeaKbeB7N308JmEtfB9iozvsbsHl+2Ps9W3PBO8PZ/3t
4daMb230drrd3lQMdrruzjYXXe7ymRhsb7H3ADuV1yKCcG4zacnp4Lxvvj/+6sf6l7w29K3+1bJ8
MtzdhRURSKSk3+0Oer0+ftQHBhwpZU+pLohNR9N8Lr0FVOGbWwuSe45EGequKHmhn77TP56mpTef
+hHHX86gJfjBHbDKT8Wg2Om33/4NX5mlng==
===END CRASH DUMP===
