PocketMine-MP Crash Dump Fri Oct 12 19:05:24 WIB 2018

Error: Undefined property: PiggyCustomEnchants\Entities\PiggyLightning::$age
File: zip_PiggyCustomEnchants_dev-246_X1Fu5343spRNkl6/src/PiggyCustomEnchants/Entities/PiggyLightning
Line: 61
Type: ErrorException

THIS CRASH WAS CAUSED BY A PLUGIN
BAD PLUGIN: PiggyCustomEnchants v1.2.0

Code:
[52]                 $this->server->getPluginManager()->callEvent($ev);
[53]                 if (!$ev->isCancelled()) {
[54]                     $entity->attack($ev);
[55]                 }
[56]             }
[57]         }
[58]         if ($this->getLevel()->getBlock($this)->canBeFlowedInto() && Main::$lightningFlames) {
[59]             $this->getLevel()->setBlock($this, Block::get(Block::FIRE));
[60]         }
[61]         if ($this->age > 20) {
[62]             $this->flagForDespawn();
[63]         }
[64]         return $hasUpdate;
[65]     }
[66] 
[67]     /**
[68]      * @param Player $player
[69]      */
[70]     public function spawnTo(Player $player): void
[71]     {

Backtrace:
#0 zip_PiggyCustomEnchants_dev-246_X1Fu5343spRNkl6/src/PiggyCustomEnchants/Entities/PiggyLightning(61): pocketmine\utils\Utils::errorExceptionHandler(integer 8, string Undefined property: PiggyCustomEnchants\Entities\PiggyLightning::$age, string C:\Users\Administrator\Desktop\sb\plugins\zip_PiggyCustomEnchants_dev-246_X1Fu5343spRNkl6\src\PiggyCustomEnchants\Entities\PiggyLightning.php, integer 61, array Array())
#1 src/pocketmine/entity/Entity(1389): PiggyCustomEnchants\Entities\PiggyLightning->entityBaseTick(integer 1)
#2 src/pocketmine/level/Level(741): pocketmine\entity\Entity->onUpdate(integer 763)
#3 src/pocketmine/Server(2361): pocketmine\level\Level->doTick(integer 763)
#4 src/pocketmine/Server(2510): pocketmine\Server->checkTickUpdates(integer 763, double 1539345924.5079)
#5 src/pocketmine/Server(2256): pocketmine\Server->tick()
#6 src/pocketmine/Server(2134): pocketmine\Server->tickProcessor()
#7 src/pocketmine/Server(1700): pocketmine\Server->start()
#8 src/pocketmine/PocketMine(249): pocketmine\Server->__construct(BaseClassLoader object, pocketmine\utils\MainLogger object, string C:\Users\Administrator\Desktop\sb\, string C:\Users\Administrator\Desktop\sb\plugins\)
#9 C:/Users/Administrator/Desktop/sb/PocketMine-MP.phar(1): require(string phar://C:/Users/Administrator/Desktop/sb/PocketMine-MP.phar/src/pocketmine/PocketMine.php)

PocketMine-MP version: 3.2.4 [Protocol 282]
Git commit: a66dd4a7d95c49792d39c7e70442b1ee4b855988
uname -a: Windows NT WIN-VCQUKKDO8FH 6.3 build 9600 (Windows Server 2012 R2 Datacenter Edition) AMD64
PHP Version: 7.2.2
Zend version: 3.2.0
OS : WINNT, win

Loaded plugins:
DevTools 1.13.0 by PocketMine Team for API(s) 3.0.0, 4.0.0
AutoClearLagg 2.0.0 by Potatoe for API(s) 3.0.0
BlazinFeed 1.2.1 by iiFlamiinBlaze for API(s) 3.0.0
BuyEnchant 1 by  for API(s) 3.0.0
CONSOLEChat 1.0.0 by TheNewHEROBRINE for API(s) 3.0.0
FormAPI 1.2.0 by jojoe77777 for API(s) 3.0.0
Jail 1.3.0 by hoyinm14mc for API(s) 3.0.0
PVPlevelRPG 8.2 by  for API(s) 3.0.0
MSpawns 2.2 by EvolSoft for API(s) 3.0.0
MysteryCrate 6.4.3 by JackMD, DaPigGuy for API(s) 3.0.0
NoFall 1 by NCR-Games for API(s) 3.0.0-ALPHA12, 3.0.0, 3.0.2, 3.0.3, 3.0.4, 3.0.5
KeepInventory 1.0.1 by  for API(s) 3.0.0, 3.0.0-ALPHA7, 3.0.0-ALPHA8, 3.0.0-ALPHA9, 3.0.0-ALPHA10, 3.0.0-ALPHA11
RandomOre 2.0.0 by Nguyen for API(s) 3.0.0
GuiShop 1.0.0-ALPHA1 by PHP-Devs /georgianYT for API(s) 3.0.0, 3.0.0-ALPHA10, 3.0.0-ALPHA11, 3.0.0-ALPHA12
SimpleWorldLoader 1.0.0 by  for API(s) 2.0.0, 3.0.0, 3.0.1, 3.1.0, 3.0.0-ALPHA1
SlapperRotation 1.2.0 by jojoe77777 for API(s) 3.0.0
superBAR 2.0.0 by Array, JackMD for API(s) 3.0.0
VanillaEnchantments 3.1.0_ALPHA by TheAz928 for API(s) 4.0.0, 3.0.0, 3.0.2, 3.0.3
VoteReward 3.0.3 by LDX for API(s) 4.0.0+dev.1224, 4.0.0, 3.0.0, 3.0.0-ALPHA12
WorldProtect 2.3.8 by aliuly for API(s) 3.0.0
AlwaysSpawn 2.2.4 by Philip Shilling for API(s) 3.0.0
AntiVoid 1.0.0 by KairusDarkSeeker for API(s) 3.0.0
AutoInv 0.0.9 by JackNoordhuis for API(s) 3.0.0, 3.0.0-ALPHA8, 3.0.0-ALPHA9, 3.0.0-ALPHA10, 3.0.0-ALPHA11, 3.0.0-ALPHA12
Broadcaster 1.5 by EvolSoft for API(s) 3.0.0
ChestShop 4 by  for API(s) 3.0.0
CmdSnooper 1.2.0 by HotshotHD & CodeRed2019 for API(s) 1.13.0, 4.0.0, 3.0.0, 3.0.0-ALPHA12
CustomAlerts 2 by EvolSoft for API(s) 3.0.0
EconomyAPI 5.7.2 by onebone for API(s) 3.0.0
EssentialsPE 2.1.0 by LegendsOfMCPE Team for API(s) 3.0.0
InvSee 0.0.1 by BlockHorizons for API(s) 3.0.0
KillChat 1.0.2.MOD by Array for API(s) 3.0.0-ALPHA12, 3.0.0
MagicWE 0.4.0 by XenialDan for API(s) 3.0.0-ALPHA12, 3.0.0, 4.0.0
MultiWorld 1.4.3 by CzechPMDevs, VixikCZ for API(s) 3.0.0
PiggyCustomEnchants 1.2.0 by DaPigGuy for API(s) 3.0.0
PurePerms 1.4.2 by 64FF00 & ProjectInfinity for API(s) 3.0.0
Repair 1.0.1 by JackMD for API(s) 3.0.0
RocketPads 1.0.0 by Gamecrafter for API(s) 3.0.0
Sell 1.2.10.2 by Array, KairusDarkSeeker, JackMD for API(s) 3.0.0, 3.0.0-ALPHA12
SizePlayer 1.0.3 by  for API(s) 3.0.0
Slapper 1.4.0 by jojoe77777 for API(s) 3.0.0, 3.0.0-ALPHA12, 4.0.0
TeaSpoon 1.0.1 by CortexPE for API(s) 3.0.0
TopVoter 3.0.0 by SalmonDE for API(s) 3.0.0
SkyBlock 2 by no name (edit by hugoDZgamer) for API(s) 3.0.0, 4.0.0, 3.0.6
FactionsPro 1.3.13 by TranThanhNguyen for API(s) 3.0.0
SimpleWarp 4.0.1 by Falkirks for API(s) 3.0.0, 4.0.0
PureChat 1.4.11 by 64FF00 for API(s) 3.0.0

----------------------REPORT THE DATA BELOW THIS LINE-----------------------

===BEGIN CRASH DUMP===
eNrtPGlz4zayfwVPM7Vr5+mWfCnl1PP4mPHGh9byZLIbbrkgEpIYkwRDkLY1qfz37W6AJEjLZ5x9
+yFTlZgEgUbfF0j92kj9UDRGvY3BzmC4sdMfNhsBV+lhksikMfq1kS5jeNyg+8M7V8SpL6NGsxEK
pfgcH32OPDHzI+GxOJGxSNLliI39+Xy5n6lUhoeRu+BRqhznMEr91BdwRY9P/PkijfxoPhq9R0jN
xiwLgiM/QKD7I8f5rEQCk/e80I98lSY8lYnjHAh1ncrYcdTUceIgm/sRTPrqx1crNr3yxE2rP9y8
+rF3lG0MhgMVX5xdB5uwOnENHs9Fsx0vYkRSI/jCDTuwX2fF/E6+W6e6GWwUAE8bo81eswGku3D5
U+Ndl/3B+65t9tZHLJbutUiB7cJxstQPgBef8c9oJCp68IlHXiCSNT9KxVwkbLvJQE4Ahr2RUhTw
/kv1ocly0kFOjCcJX7I9/P/a+jqI8F2PIf9LdnYEAltq7i/XeoPtnfUXMqb1nYbxgStx6bvXBfN7
tGO/vmMgbkTQOcH/r20N69LVsMxuy9Z3MvocezwVBdStzQHBHdThTkRyA6LvD+5pDO3oOLRl6ztP
VrDM4Q0fgrfR69bg6Set79yFcK8RmEZR2TCbzJPZNBCsdGTtje7WDu218dBe/Y3NB/ZKEWdavPnQ
4t5g+MjicSJdcJEy0VC2HoDS2+o+RK5KeZLq1dv11WO6PIXLtf5w5wEAV1eujMBOMjddQ23ZB8eu
TiT3gGVy+rNw0+YqSz/lfnQi53Nr1suM8NVGS7TuwLIOrepUFnXMmo6aWuS3TsdghxwYCUxIxC+Z
n4g1sz2Ojzqd14DrPMhvtPr1xr9+azbE/0uI/E9HHyBUywd2XQEBZrrSE8iGjT5MYbV/79OFr0CX
jUrORTomaKc8AoLAOMCseRAc3oAjWnsvbta/BYgbgxWQ/Blb+x+Y0frOV/s8ckUQCA/cLPsVVwxX
rKD9hXFsPE05mHSxxcaKBb/hg83aAxrcsgZpYNsaQMwMnUCf9rTrdP0hkLgnPiNCow/iKJC3wjuO
Urm2zv7yF4bWBtINctYfBRz0xlC1U8NlxS6qskuT0c1oBFPWzOXR8cXhOhG92a2RsdlbTQaIhn3H
+l2NxmZ/NRqzgM+PZAKGFPPbaE1vMahvYUsmEWmWROz9givtw2lJLgqajuzHvznHO998g7cFv79h
/xfzhIdsHPAluKj3Mf3FOQW3vunA7VZObAxxwXfZLItcNExG2F7KtSoAcB830vdwYc6UXxu//Zl7
/Zl7/Zl7/Zl7/Zl7/RflXs3GXEQi4QFmHRHH9kWjAgZIASEozMJGjUG73x7CyDTzAw8bHcMhpDSJ
TKUrAUJ/u99s8Ni3Zs79FO745qbnDfmWt7PhDne2dvreYMfdElvd4bA/7QkxnG5vbOxsb8OChF8H
/hTWdNu9frsLI5lB64sfefJWsbNL9uX4rPXD/t8/f//9wfn20Se22R4wwontbHa7bC2fqjUIgm+v
zy767IBD3gKeAoYOPR8d/zrbOz3YRESxITFqbAHafbj7KiLPUNHVD6+kQhyOz84uYYBubiGRK1I6
hQw8EDeXUgbKYmYxZPOx1+4NCDDP0oVMFMbEkuvsUvAQRUOs/Amw6NLkIf2FcRFxcBGAINiEaDY8
EQO6CASeKTlLD+yBkFO+meOBOltgFIARwbPJ5d7F5WcU9a2YKj9FvBdpGivQOhDgIpu2XRlaytMp
YAD9e1kq9wPBkxM+n1uUV8dt8vuGoAr1KWizuEf1K6mt7K1dQUnu+Hxy+eX84uTgaYIJqcsElv/j
slMlCCj/EPCvfnQkELmCbGuwKvJ+u1el2fcxQfX9CJe8GelVqI5T4mNfP8UNIi9bmjBuk1cOVsir
kPZGpEyzpXCfJz3Ed//8bHJ+cri/4DbC9mhVIPeU8HIhzsTtp8OL8w8Xx2eHbyWRGljHsVB6PnVQ
HYR742OLsnykrmY1qn6WP0uxhf/eiqASouMYJIqL55DyN+7b8YZuq0Tc844LufSjsDcM3bciooTo
OD8DBo5j8HgS/fEPY0oNL8Yf7ahpjdrEbFNAeXPboKwUdef5GnQ6wWrNDk75SNU5V/FtHN7IYAJY
vBXjzaaAd7H7M+LQ7e1tWwAmCLWdXhM9SwWhfLkPeZCwibKHbco228P2oErb37h7fYqcOuBQnXzM
lm9FpAYMNFrIvDoOaWCdCmFA/5k84oFtSGbgYb/cONu/aH3EpkidztbeyfjTXg9Fn6cb+De/H5i/
Q/N347V80Sg+X2e/FyI+jrCjJZOlRWp1vO7XH49GTZvkrertdvV2p3rbqy3u9V7Lhwr+L1MMtITY
/7r0FCkHcumCQ74bnie2GZRjT6ReZ3MIs9FbKb7eltplsPdHAf7pI1UYZIxPyvtj5k8WMrboyEfu
xW4jgloe+WncguRUsc5cyGTuc0jcGo8qwAqZNms28UpWGMyfr+wTP4wD8UUmgafLW4sN9589nsyU
NPdtms1fTWPvHi9eS+q+TFJxN4bc5h6eLyA/4HEskgvMuomskvjak/94xlND4Pk0qQyWfdi7sIgp
hh63y58aR9yfi2TyjwlibSLVG9FTgHacHJ3y6jl0/cAjPwi4KQVCgccXJYmrnlb7CKB6V6Ry9zLw
va87/W2LzuEK9S3D0ivpv9EIQioukyf90scyEuf4dVZRiGyRqbgQtzyxK0JrsMqEbj0dOTn4sU75
/3ript3r94dFA6C50ou92kvBno5TovjqJAXgtE73x4cdi1zgCHmCcQJjrl2VVYarhjBob1e5wgM/
C94sM9PQHOcWMYg1BnWin9kQOc38ZOaLwLNabC3TDuqkiRCdkGPK1qlQiy2T4JYvFaW/dsPEGq1l
5JR42WFu4Qd+zCbwJ8AzxjfiTUxglYHqOJwwokMexynCziNMIuKi1P8Bj38syvKhJwrw77mfZOqA
J9cTIa5hszeiqw7XcXKMyqvneD3sAEHWVmty4YhNGCDa3rlfZ5xJmXiLzFeP5yMvzkDfyA/8DChG
OYogeiDMj26APwWFTzeMEpjhksrbHSNrtCr/jT+20LQ2dpwqFq8rOPcXQqW19LQcs2kb/hElf5j9
Ajg6jotbKsos7d2f7o+F3gQkHFekYw0+kVV9krhp+umA/YXtSw98vNfv9nYsaRVt7T8kULmhpzSm
QLeN9dOE05HkXiCSSpZSGa443D9WL+19gZQqFq/TzENXRjJcVvuD1qBN3UZ7q97ikZGYwn9vRaAB
5zhCYwAwHaeCzZMiO1QKj3R5oMaHNkn2cDVG9ur6eiLmiNn5DLOS1Wcqr6TPxuJ+XHx+xkQIavw6
FcqAAeByIVZZpJuBeqCp1b9UeH+Sif9VRurNHKkN1HE0Js8lnLo4kFDU2vLFUD0l6LdPzw/qlVDA
b/xMUXtqnPA7fGcmkjfuAmzyqUbWK2mubuM4Ob7l1bNarnzuu19sDc5HqnIc1pX3RxGBLhzw6BmN
ut91LmjweU4GTARlQepTOmvTVA5WpXmv37r/VbiL8Sl2aODBD/6df73/z8abxUdAg9J6oMZG6aWG
aWHZsQBh63/FW3vWEcDKd/oeDapv3Xde+QrOc5sV4ywRY5GEFZqKsbpoazFkc3h01O1CbgB1Dr5t
cRzN/MhP34yyK72B4xQYWZevOdzFtaZWK+FgM1XEUC7YnVQ98HiT+Y0bNPn5gd77954cGAqQOCpU
x9yzZWwNPlGg4dmBm/BZ+na1WUKbx7A5UGsj8lJaLdzsN2HGK+pxax/sO4rKKQrd3ju679b0/Sfw
epiOI9n3ytYH23UvSYXt/O2x1iSgi+8vvqTN/FXoFzYr/eVisK4Dgz+imKH9TnA/7Bnn1y9oE99v
D9/zUM9vCzfvBdffFVSVRujVZlti2slpA8IhhZ3EstIYL4aecE55f/7NSpii3//8xlm+pn23/Erk
yBhbhbYgi6F6n7QmyQkPQhkdvBk5OTzHyTEor56lktdLypFtncyHHiksI8lwNlsTnp+y6ZItsrk8
+OccxpL1B18A07q6+TJaq8WgcY9Qo1F4zlPB5TiQ2Aulv0/ngkecXgJXEPDtt1Ks0fpLHb1aOniZ
8OgSkpTFW5xBUqpiEnNs6k1iHiIS9qlHgZrjmJsXns3xJL5/KIeDle7PfQM84sG1n1yrt3mtD8Cp
FJmnZqSgk0DeWreVWrIkf2ZwcBxFeN8C3sWBnabhWSlirZKz2F51v73eqgzxRUK20s9VTLA17Udx
48sMKG7l440Hkkddxllo/97UkcD8hq+C4tcUApxG7Y3O/HVcANxqaWJbIC2fiKJ3VNvm8wJf4Jul
78bFHduXkEjPGX6s5CRO9G6SRWwiYtYfsO7maLgx2thgX44/4Euu2zghlKm362TdLt8S+k+g/1z7
vq+vElZ5MPynAIOgy01wW6yy2FqF0M3HRzH48t3eTm/Qx8HbBbCqFfgq3e3iPY8imUUunoVgUG9x
d+GLG0GnZLsyIjh4ptAyxy8grN1Wj5Dnd2aR2h1qWAHodmtG3/TsytmsXMwjPwQVrwAM5TQfQC8a
Sk9olGYyAXyKMQMIROK5Minu45vYrPb82cx3ofZb7hJi+i3pVCYtJdLUj+ZqF4fpja8WGsLup2xa
jighPGsCftW2e3B4tPf55BJHjQr8kolkaTY0Qwm46RwbvG7HXCmoab3db+gfMCRLZUvxG2EW3vji
tuUB7/E7rl1SgbupvGuh4Zkp+AZzcUDVXoYBqhh9LcVc0q4soWNtUjIGrGIV1QWlY5cLoQTLaWc8
ESxdCAYRRMEFT5mLQocgJpgfuUHmCQ8u2D3lRlgTCTFPzhBAHabiM9FkEp4kCkGyaSL4NVvKLDGw
8NMqEKE/82kHkF4CGhQsEfCZuC3AdTwx4yA/xW5l9NeUYRbFE4bcC4FY/FBuiRhij0fTfbsQEcvi
ecI9/CrGiVDbNbCRE7F3lwuoIFoBDAEWAY/mGX7ahV/sEcuMZSgf7iHw88D/qt8VgKX7+MWHpqK6
EHie+xcRtW/9az+GXIC3ZTLv4F3nBAR7JWdXx5Pzq83BTqt/heuAjQWgEXPAf86dBm70ZSGQdyyV
gE/kMaDSfMQAYsIAEfAU+EaPiZuEKeABVyIlkXrgR13BFvRJFI6EAFibT7kl+mkYVoss9STanf48
E3Ex79xPnawn+EDCVHQfwgUm37EAR70tn41uNMJ7aN4MXQd96aCdKrvxOfs7GgdMISPJT1WLnd9N
FrCOo/4qCXgaBLQQuQHEMgXqCdEEVITohuwHZkJA8pCD5YMWYDyVCvCHGKkI/iHZYw4ImMHQUeBX
YKAsiCuka0bFYLqx3uKpBeiLDzKQEWgb9zyWCKWVEvHE72sAH64ghqBzZKCKU4EMAXmIXzIeoKTm
/g3MveFBBpmi2RK/JwTgej/wGgIdcgsEjZ+7jOAp7nyWhVP8+GXG9tQyci+5ugZjSKBAVW18/lkB
S1B1cyJx1iKBPDEDbYHZqsmoncaM9wNtbgIbQmCbwjhPbIFIiWNhFoFR4RSCPSFtAnrA7hJ5B546
FcACIIesICpQQ65qdI5naLw4BY20yfz0r8C5NKFVnsBAQQpaW8vWgAIQNOsjR4iGlqFyRJBqdkEB
hSVZhB+hobYDw2PiPn1BotrsQNyYaxZi2GFuwtWiafsio47IjSTJ4lSPamYhU0LATBNFQgU1Aw6B
QWrb4/h1JOC8GgHUDdQ0CTwGpWqX6oUf/ek5uR1AxISAlizJQX0M5BRUBrMkpofBsEKoLEC2oZjz
6TIFVrOJZnKX2OorhKzdGyB66xPLSY0YBl4NJ9csRcTNfEAPfLPA1xcRygwcY76jVmwQU0b2OJcg
IYkOAbUB9pkTki1CDBV1uO2Qi6RolIKL5d5/OQWYUhb497f69/HHtOJ34a9SGRMKxksXKBloioHL
wMxAeDlCuGeOVVejRFb/hUzBYKb++vtxI2MgZNBFMDeDABxBAGbiTrgZuXGpkdVWiAG7mC3uXMiM
VEkL+anzy8MRu/x0PGEnx6fHl+CmxyfHhxM2PrxgkJB/f3jRZDCJXZ7DrEP25dP5ySEbX5zvH04m
7ZrRr2IEFBC+pHwEPa5C0ugbzJwPhVftAcMhonjoSWhGC99b1f6U4riEsioCPwwKhIQ+pF9aryAt
DijEo8PR0xzKuBAG+NjSX+fGzN6dY6DAFIemt+9PRuGbcgmEFQsXMyHNUMRVS1OvLQgAfRKxKskc
dA2dan0lQobqgaZ6zpMpGELLlUGgk3X0Niu5SnaFqJg1zKwBDx3yKKOcy8YC8tEMtG69mXv+mtoZ
vdPRczYDSJrSsDS2NjvXnl0rOKQkMgu8AhMfAsVtxErc0YJZTKgDhZvdriaSvTsin3AvBJKy6NUF
VbNEhnkkxbXmecvWQ0uoQIWRXV0XViiQrQyTPDVGESWSXsrKddbLwlgnaTpZNeMtHNfyOcAZZjZh
TOjleMMdhG6wZ76CpRCKIaAB+BtQKKUygbafLkBK8zypRo+Ee5UoNXPB6cBvcmdEjSY+xB0s+dxF
Fl0rjfY+j3HMD7MQ4maEH/nm1Q3KjenyUCNQMhPNwnCQDOO+OkE5ERMytFkLs/wM4ujQiOhA6gd1
1cU0B/2Zho1TcyPRcMw0iyDKAloux9d0jCQAA8o6IANEfgFSOlXQIGKOxRbTKzRhJVGwjDioicg3
xalFLgw8w68Sc5iPgXlM35woEimKp6h2wJYCnSFOeQo1PGbohKvC3wtgJmKQy9K1nHmqA8VUFLki
hal3tlDyJ+gqk2WKsJus1bPkhbKibVtpjgo44o1N7YfLHJQqbEwAPU0z1j2Un+Na/N0GjVObfYJc
DhRnl5Iztj/+3IS1gMEUjOjW90C9KeCTRyzAtwj8iG2ZhLlMpRUxxpraZnseOKAFD2YdqIt1du8J
UFezEWzJsNWE+mSZWxHALFh2IXKH3grzQx40tSvEjc0nzm0GvkWQl8Ic+PM4GucZdFnmYnGAi+j9
Xqxxo7hlbqu1yqmxO+V/FYWEMdPOBYt9xTwZgkxc64sVP4c7fb1ovc3GZk3Akzkt4KbaNtqBG84S
PkfSQE5YQscB5SNYnoaAOVo7T1B2+4GPzSNqCeDX8UKl7PTyMyGqgCCkeZqlDFsQJN5yN10utI2n
CdOshYtGhCsqvSem2VyrvDSRlWFmlZDpm6QGCx8MUfhdeLt4qpBHuh5YxG0/8hGNHskzn6EdwBee
RBjVrZXY7TBxHKEYAOBDIbtAAZYzQw4WHIIEUlQcKFzwVwbRFYIIQ3KLADlPCXA7kGvU8mem0eiV
NTO49e9YDysrk2ZiDU305/Wz0i0RkdfVjrGvEZFlimLFOuCP0wy8QGfuansBRLAqMZrkRNpLj3Tz
Q0JpjcaZl2Air63Jk3s85UzxGxMssLWVNw7xUYE+B8LB/wmeaqYCNbRdM8/5qVAEC6LkS8WQaFIy
FkkX35WmlaBKp8BOl6OxhPImL7sxxBHvdLsxf6K3s6qtvLtXaQuJvBHASCKpbojRVKPsmTKdCRcM
PiVvaJa09JIRi4GDN35AeXvFePElDghHBhw5FcrpgFZ0Iik6kn7X5GAYIHVqhwzDTiGOm3wu52Nl
uKzEjIvW6cCUK2FtttYDv7lilybrw4Peqgciddvr5MOVsLEgRcJfP6HmlGn2MgFRS++H4tPMojZg
2R/08iiKZk1pP72drmEbOJYG6khpokFu34aZpqyKkPdBPcto5rMqndWV3Uwq8fdCmaFXnOlwbpwk
qqKhDbmCSGLDBpQaLynvYO8uKAmxlpLmREK3CaZCg5qKGbo06nBT+rDIbccxv8BUzWY05bhNTjn4
dcbraMb6l11gr4L5VQy7K1HkCcDxqMdG5guImqVGyBqTAboO7J60Mv0rN2WYcTFb0WLDxp/lnw5o
oymemyry5chF7ehAD/HDQmbIYrrPlKdFtMQmmb1rgWq+Y3OoVlXJlLKRlfOlfZ8xxgXecp+qWYg2
2idPsSkTZ4GxYHONSQJNMXGF+hlkDq1Ye0A0OPRqI5aXG2SCumk30maH/UUqrPWoTi6MhPBTjLwH
VHpz1OwWNoOrI4VvqoxCePGjmSxlAB6ppTvP+byFRFEQEu04DCEcSUI1ktEyxOIQfT72aV1V4IzV
rnnMyseEO3l1Pp8nYm4ah0VPFrNr/Cmw6xphhBuY6fnBOf4GjolfJmdAh3ArdEnCwURuaUNFaBfY
01DbOuuADKXgt9ZDkkidlyBC/XRUxE8TAMskm0ZlbOkxlCoRKoXVwmuCU4oXvAnDQD6mNGmey0Jg
mokEqpMWupcIY6p+aCKzbgfySkPQnKdaETuDnB1yH/JQuS8w8FDW+nG+Q124mkZbupBKFIHMxGmE
iNPzlBKFiZ4Qd6Ncx6zJW9ntArx5YMPPufhoHmC8sZan1n+ri5R3+FM/1YzM+0ULM0YuAStCU3QY
n4C9dqjlPEq9/VkBBwo2oEInYOhirMyJwBnvl0d8HvgQwDSHDu84npXrG0yeAD8jolEuK3oESoot
vBH7ibIZCFtN6un9CyFSmVbkDvYJGFGA2XWCh0jUR8mPHSn7XBWCKMWhuKiouKB6HN9ZBURN0mCh
TrsSAnTF8JwSPT1Fo3K3ETs62bsc9b/dam7s3PWag7tBs/9t71sPYrt2n2v4Op2LjnN3u6u9rL4b
bqzr/E+f11htDG3IGC6AtaaXSHkYNQNBVu6S6V/5ypLc3+ZlXVKcxJBfATgQfVxKnVXOq1Z+SAQa
QPn+uyNyKLQTTa/AyCjo65Era6RFWWe7aHrK2BQC4NyUKYbda6ydFFV/wI6pD3XLUrdIaB5SC4hA
xaYDBBmJJpGgQ1aRFH6k0WyIu1REit5ZGP3aoG9Sy9+imrqQDC6sATyxizye2EPmd1OL+ywJrFuP
fiGjuJ35Ab13VQzMQ/vHrxYQAvRrZHDjg93cWA9/Vub9jk16HE718aI1A/Mlj76ALYZit0LRhZiZ
1oq9jLy2qoxAKhFaA5PxiXUXLtUvAf1Ml7liG/jeTR+PSVgL34fY6A67W3D5/hh7fdszwfvDWX97
uDXjWxu9nW63NxWDna67s81Fl7t8JgbbW+w9wE7ltYggnNtMWnI6OO+b74+/+rH+Ja8Nfat/tSyf
DHd3YUUEEinpd7uDXq+PH/WBAUdK2VOqC2LT0TSfS28BVfjm1oLkniNRhrorSl7op+/0j6dp6c2n
fsTxlzNoCX5wB6zyUzEodvrtt38DNO+kdQ==
===END CRASH DUMP===
