PocketMine-MP Crash Dump Fri Oct 26 15:10:51 WIB 2018

Error: Value 80000 is too large!
File: vendor/pocketmine/nbt/src/tag/ShortTag
Line: 42
Type: InvalidArgumentException

Code:
[33] 	private $value;
[34] 
[35] 	/**
[36] 	 * @param string $name
[37] 	 * @param int    $value
[38] 	 */
[39] 	public function __construct(string $name = "", int $value = 0){
[40] 		parent::__construct($name);
[41] 		if($value < -0x8000 or $value > 0x7fff){
[42] 			throw new \InvalidArgumentException("Value $value is too large!");
[43] 		}
[44] 		$this->value = $value;
[45] 	}
[46] 
[47] 	public function getType() : int{
[48] 		return NBT::TAG_Short;
[49] 	}
[50] 
[51] 	public function read(NBTStream $nbt) : void{
[52] 		$this->value = $nbt->getSignedShort();

Backtrace:
#0 vendor/pocketmine/nbt/src/tag/CompoundTag(304): pocketmine\nbt\tag\ShortTag->__construct(string Fire, integer 80000)
#1 src/pocketmine/entity/Entity(876): pocketmine\nbt\tag\CompoundTag->setShort(string Fire, integer 80000)
#2 src/pocketmine/entity/Living(154): pocketmine\entity\Entity->saveNBT()
#3 src/pocketmine/level/format/io/region/Anvil(70): pocketmine\entity\Living->saveNBT()
#4 src/pocketmine/level/format/io/region/McRegion(373): pocketmine\level\format\io\region\Anvil->nbtSerialize(pocketmine\level\format\Chunk object)
#5 src/pocketmine/level/format/io/BaseLevelProvider(163): pocketmine\level\format\io\region\McRegion->writeChunk(pocketmine\level\format\Chunk object)
#6 src/pocketmine/level/Level(1052): pocketmine\level\format\io\BaseLevelProvider->saveChunk(pocketmine\level\format\Chunk object)
#7 src/pocketmine/level/Level(1041): pocketmine\level\Level->saveChunks()
#8 src/pocketmine/Server(2402): pocketmine\level\Level->save(boolean )
#9 src/pocketmine/Server(2540): pocketmine\Server->doAutoSave()
#10 src/pocketmine/Server(2256): pocketmine\Server->tick()
#11 src/pocketmine/Server(2134): pocketmine\Server->tickProcessor()
#12 src/pocketmine/Server(1700): pocketmine\Server->start()
#13 src/pocketmine/PocketMine(243): pocketmine\Server->__construct(BaseClassLoader object, pocketmine\utils\MainLogger object, string C:\Users\Administrator\Desktop\sb\, string C:\Users\Administrator\Desktop\sb\plugins\)
#14 C:/Users/Administrator/Desktop/sb/PocketMine-MP.phar(1): require(string phar://C:/Users/Administrator/Desktop/sb/PocketMine-MP.phar/src/pocketmine/PocketMine.php)

PocketMine-MP version: 3.2.2 [Protocol 282]
Git commit: cb04f287eb66b6b7b7b41613d19523689bb3b870
uname -a: Windows NT WIN-VCQUKKDO8FH 6.3 build 9600 (Windows Server 2012 R2 Datacenter Edition) AMD64
PHP Version: 7.2.2
Zend version: 3.2.0
OS : WINNT, win

Loaded plugins:
CustomEnchants 4.0.0 by ThanhNguyen(Suphuhugodzgamer) for API(s) 3.0.0, 3.0.6
DevTools 1.13.0 by PocketMine Team for API(s) 3.0.0, 4.0.0
AutoClearLagg 2.0.0 by Potatoe for API(s) 3.0.0
BlazinFeed 1.2.1 by iiFlamiinBlaze for API(s) 3.0.0
BuyEnchant 1 by  for API(s) 3.0.0
CONSOLEChat 1.0.0 by TheNewHEROBRINE for API(s) 3.0.0
FormAPI 1.2.0 by jojoe77777 for API(s) 3.0.0
Jail 1.3.0 by hoyinm14mc for API(s) 3.0.0
PVPlevelRPG 8.2 by  for API(s) 3.0.0
MSpawns 2.2 by EvolSoft for API(s) 3.0.0
MysteryCrate 6.4.3 by JackMD, DaPigGuy for API(s) 3.0.0
NoFall 1 by NCR-Games for API(s) 3.0.0-ALPHA12, 3.0.0, 3.0.2, 3.0.3, 3.0.4, 3.0.5
KeepInventory 1.0.1 by  for API(s) 3.0.0, 3.0.0-ALPHA7, 3.0.0-ALPHA8, 3.0.0-ALPHA9, 3.0.0-ALPHA10, 3.0.0-ALPHA11
QuestPMMP 0.2 by Gamchik for API(s) 3.0.0
RandomOre 2.0.0 by Nguyen for API(s) 3.0.0
GuiShop 1.0.0-ALPHA1 by PHP-Devs /georgianYT for API(s) 3.0.0, 3.0.0-ALPHA10, 3.0.0-ALPHA11, 3.0.0-ALPHA12
SimpleWorldLoader 1.0.0 by  for API(s) 2.0.0, 3.0.0, 3.0.1, 3.1.0, 3.0.0-ALPHA1
SlapperRotation 1.2.0 by jojoe77777 for API(s) 3.0.0
superBAR 2.0.0 by Array, JackMD for API(s) 3.0.0
VanillaEnchantments 3.1.0_ALPHA by TheAz928 for API(s) 4.0.0, 3.0.0, 3.0.2, 3.0.3
VoteReward 3.0.3 by LDX for API(s) 4.0.0+dev.1224, 4.0.0, 3.0.0, 3.0.0-ALPHA12
WorldProtect 2.3.8 by aliuly for API(s) 3.0.0
AlwaysSpawn 2.2.4 by Philip Shilling for API(s) 3.0.0
AntiVoid 1.0.0 by KairusDarkSeeker for API(s) 3.0.0
AntiProxy 1.0.1 by Blux for API(s) 3.0.0, 4.0.0
AutoInv 0.0.9 by JackNoordhuis for API(s) 3.0.0, 3.0.0-ALPHA8, 3.0.0-ALPHA9, 3.0.0-ALPHA10, 3.0.0-ALPHA11, 3.0.0-ALPHA12
Broadcaster 1.5 by EvolSoft for API(s) 3.0.0
ChestShop 4 by  for API(s) 3.0.0
CmdSnooper 1.2.0 by HotshotHD & CodeRed2019 for API(s) 1.13.0, 4.0.0, 3.0.0, 3.0.0-ALPHA12
CustomAlerts 2 by EvolSoft for API(s) 3.0.0
EconomyAPI 5.7.2 by onebone for API(s) 3.0.0
EssentialsPE 2.1.0 by LegendsOfMCPE Team for API(s) 3.0.0
InvSee 0.0.1 by BlockHorizons for API(s) 3.0.0
KillChat 1.0.2.MOD by Array for API(s) 3.0.0-ALPHA12, 3.0.0
MagicWE 0.4.0 by XenialDan for API(s) 3.0.0-ALPHA12, 3.0.0, 4.0.0
MultiWorld 1.4.3 by CzechPMDevs, VixikCZ for API(s) 3.0.0
PurePerms 1.4.2 by 64FF00 & ProjectInfinity for API(s) 3.0.0
Repair 1.0.1 by JackMD for API(s) 3.0.0
RocketPads 1.0.0 by Gamecrafter for API(s) 3.0.0
Sell 1.2.10.2 by Array, KairusDarkSeeker, JackMD for API(s) 3.0.0, 3.0.0-ALPHA12
SizePlayer 1.0.3 by  for API(s) 3.0.0
Slapper 1.4.0 by jojoe77777 for API(s) 3.0.0, 3.0.0-ALPHA12, 4.0.0
TeaSpoon 1.0.1 by CortexPE for API(s) 3.0.0
TopVoter 3.0.0 by SalmonDE for API(s) 3.0.0
SkyBlock 2 by no name (edit by hugoDZgamer) for API(s) 3.0.0, 4.0.0, 3.0.6
FactionsPro 1.3.13 by TranThanhNguyen for API(s) 3.0.0
SimpleWarp 4.0.1 by Falkirks for API(s) 3.0.0, 4.0.0
PureChat 1.4.11 by 64FF00 for API(s) 3.0.0

----------------------REPORT THE DATA BELOW THIS LINE-----------------------

===BEGIN CRASH DUMP===
eNrtPGlz4zaWfwWrTu24s6JuX8q6a90+uj2x2xrLnZ6ZcKsLIiEJMUUwBClbPZX/vu89gBRI346z
NR/SUxOLIPDw7gsk/9XI5EI0ht3NQWdz0B1sdpuNiOvsKE1V2hj+q5GtErjdOImXPJLhfjrLFyLO
jm4CkWRSxY1mYyG05jOc9BOPcsF2OvCPSc0ypVjE05n4D5g1zaPoWEY4LZnzdNhuHwzbn7VIdXs/
XMhY6izlmUrbh0JfZSpp60l7pIIrkZ3JWHhnoxYuay9FHMKkhO7AMtGOJ1lbp0E747P2eK7S7JLP
YG6Ce5r9nrYG5kdwrzEc9JoNwCWAnz833nTYw8sP1CJReRwChI1+Z/B2yNYTfR9m+j5M8/1iG+/d
16+BioHaPMg24I+MZ+xYpqLJZJyJmUgNA98CPm+6DLdxdgbWy2zVPqI/GzvbW/fu5+DlvdMio/0f
2693z36ncgnLNkBJavuZ+75vEIKN+FJ8en+5QdD6dWiRWIqoPVXpgmdtqdqpmIEKtffjpYw2tjv3
wDab12APngj7LLigHxv97X4NPq3wfbPE96XyfbPI9wkj7x1wcyxSCYr/TWw8sPRgnsdXTE1+EUFG
2G0+ht17rsUpjo1StZShSDe6W8/Ar6DKe3edykzQ/s9CcOtuBAmljW5ns/c4LrdIMBJ6Pi7bD+My
6N6NC9139tRGMXbq0ECCS+Bvb9DpPQpoY6JUJHjMCNTufaDAV9ZAmTveu1Dt55kaIyhjwJ37YPQ2
t+6Bkcngyq7u3re62x88sBokEoBTVqkF07sHTHe7cx8hOuPgLszyW3a89svA1v49EFw3h7pyAGFF
nyoOmmKl36ysyzMZaVBtLuNTNZs5s6zTOhj6PgUMsE83Yvi+DRm+rye+/9z5SZTPZAyTDLED9pK4
tIFKmopfc3CshZP9PWHuXoZjZHvb+N/fmg3x6hH6hdEScDE8bAynPNKi2QhUKBCzfh/g+VmSyiXP
BPtuibv/AEv7A7iBfzdpQvv77/Fiiy7Y9+x/Ep7yRSHH72IOGQrc367dh/jF4J8BixN27IQ2Xuya
vfNJJAM2zeMAmcHuCL4En+0xv+E3KChaiDDUefsvADXoECgAxlPg7HDoAqHVb5GoQddOk9MNC+G/
mde5QW4zlRZQ37HOzfZ0OjWge3aNn2XzVF2zWFwz379Plhu+laCFVRGh3zBo9C3I3/BiYC++y+ZS
e+8KwtaiGBgR0OQtI5XB9p2sm4nsElRt4y0bIpcI/R0LPhVZnsYMwvNweLn/4SupCYHfLcFvdgz4
ze6d4FPBww0AMAZgINzvQOtwp6WSIW612buHEpjnvQPcxnIWi9CkOcCI3/5M4v5M4v5M4v5M4v5M
4v5M4v49k7hmYyZikfIIcyVKcoaNChigBaSgMYkbNvqtXqsHI5NcRmFj2B30upB4pSpTgQIIvZ1e
s8ET6cycyQyugklnMO3tbIvJ1tZka7IN/xt0t7r9sLu72etv7exOJv3JznYHFqT8KpITWNNpdXst
HMktWl8khM9rzT5dsi8nn7yfDv72+ccfD893jj+yrVafEU5sdwsSnY1iqlEh1uuA5l702CHPIBpD
sErZUSgx4r9l+2eHWwPYBbs1w8a2RfsbhGpLRcfc/Ko04nDy6dMlDNDFNaSbZeKpkYEHuc7U4igO
5jzOtMPS2g2Xp4NWh/bgeQaRVWOucAmz5p9m+UrEG+M8mefzfKbCbzOAlZLMiMc/A3pmKf7dwnER
80kkAHOwFsiBQ5EAHQgS7mk1zQ7dgQXHdLkxkrPZqoqfMR5Mr8HKcMr5+PLL+cXpIQxdi4mGSIFp
FNB+KJaX4OlcUsshl8huq9uvU7lWM3YJ2dYddBnWvJCuAg+00hIjS9D4cv/i8vOoQs48yxINZgYa
O88nrUAtHGtplzCAaPTMB+Dd01M+mzmUV8dd8nu3ZTxSGZivuEX1C6mt7P00+d1JMCF1mcLyf1y2
qwQB5e8j/k3GxwKRK8l2Bqsi77W6VZqlPI74QsoYl7wa6VWokE+U+Li/n6LN7/OVNQGXvPVghbwK
aa9EygRMPni69R2cfxqfnx4dzLmLsDtaFcgdjkZ8Etcfjy7O31+cfDp6LYnUwEKqtkbp6dQdQ563
PzpxKCtG6mpWo+oX9YsS2/jvtQhaQ/R9i0T54ymk/JVLN8DSZZWIW95xrlYyXnQHi+C1iFhD9P1f
AAPft3g8iv7opxGluBejD26a4Iy6xOxQBH1126DsGnXn6Rp0Nk74dewGp2Kk6pyr+DaOlioaAxav
xXi7KeBd7v6EOHR9fd0SgAlCbWVXRM9KQ+6yOoDET7hEucMuZVutQatfpe2vPLg6Q04dcgj8H/LV
axFpAAONDjIvjkMGWLtCGND/SR3zyDUkO3C/X258OrjwPsBkXafT2z8dfdzv9mz6VKRRxXXf/h3Y
v5sv5YtB8ek6+6MQyUm8hCxVpSuH1Op43a8/HI2aLsnb1cud6uVu9bJbW9ztvpQPFfyfpxhoCYn8
tgo1KQdy6W+50NnoDMqTNYfWYy53OnXrBm0I5vLq1RKvSNy8T5/jlS44FCeL89Q14fXYI2mjqQpe
C3mz7fsI8lzY+4MAKj5QOUiO5FFKPuRyPFeJQ0cxcivvsOpTy4E/jjxIrDVrz4RKZ5JD0tl4UHnv
0MdmzZ5fyAqL+dPFOJaLJBJfVBqFphnhsOH2vYcTsTXNPZdm+9fQ2L3Fi5eSeqDSTNyMIC+7hecz
yI94koj0AisGImtNfO3O/3u2VkPg6TTpHJa9379wiCmHHrbLnxvHXM5EOv7HGLG2UfaV6ClB+36B
zvrXU+j6iccyirgtY/A0x82J7rpbbfqA6n0llbtVPex/2+3tOHQO7lDfdUh9If1LgyAeRaSP+qUP
6yyiwK99F4XIFpWJC3HNU7eadQarTOjUU6nTw7/XKf+vUCxb3V5vUDYvmnd6sRd7KdjT99covjjB
Ajje2cHoqO2QCxwhTzBKYSxwK8rKcNUQ+q2dKld4JPPo1bJKA833rxGDxGBQJ/qJzZyzXKZTKaLQ
6Yd6tnfXzlIh2guO6Wa7Qi22e6JrvtKUurvNHme0Vk1Q0uiGubmMZMLG8CeS8ey1eJMQWG2h+j4n
jDRi5Ptl2HmASURcnMmflHQtoBx6pHnwI5dprg95ejUW4go2eyW66nDxFM1gtP71FK+Hc0GMN6sa
bWbs4Qy68T7Kb167IzmJct+H/zwJ+TxTkC7Xuos4Uk1uO63d2wXeJ6XScJ5L/XAy9ezU/5Wc2C+A
YlygCHoLhMl4CcItKXy8U5fCjIDs1W3VOaNV+W7+sRW+s7HvV7F4WaV/MIdappZbr8cqxwd/RK9l
kf8KOPp+gFtqSovd3R9vTC7CMUg4qUjHGXwkJfyocNPs4yH7T3agQghQYa/T3XWkVZ4n/CFRNliE
2mAKdLtYP044naNATZjecfxjhyvR4o/VS3dfIKWKxcs08yhQsVqsqo1ZZ9ClbrO1Xa++VSwm8P/X
ItCC831hMACYvl/B5lGRHWmND4jwSI+OXJLc4WqA79b19VTMELPzKaZUdx9mvZA+F4vbQf3p6R4h
aPBrVygDBoDLhUDrkG4H6oHmVoSENOqjSuU3FetXc6QuUHoGDTB5KuHUPoNsqHYeUg7VQ36vdXZ+
WC/jIr6Uuaa+4CjlN/igV6yWwRxs8rEO4ksPYCvb+H6B7/rXk3rdfCaDL64GFyNVOQ7qyvt3EYMu
HPL4CR3S35X+WHyekr4TQXmUScrFXZrWg1Vp3mp0H3wTwXx0hu0luPGTvJFXB/9svFp8BDSoJgFq
XJSea5gOlm0HEJ655KkYiXThhpH1WJ34mpfdGhwfdzoQPSHXxUdfTuKpjGX2amXZV7OB75cYOT9f
cu6Ma20ptoaDvVKRQDXgNkrNwCPZ++v2X4qjDbP37z3UsBQgcVSHjnjoytgZfKT+wmONIOXT7PVK
r5Q2T2BzoNZF5Lm0Ori5TyWN7ii3nX2wrSgqBzx0eeupgnpP/2fwC5iwItm3qtJ7u3HPSRbdDOeh
ziOg+5HH4XO6yN9A8/mq1j4uB+s60P8j0n3a7xT3w5Zw8fsZXeDb3d9bHurpXd/mrfDzu8KONgi9
2GzXmLYL2oBwSPLGiar0vcuhR5xT0X5/tSS/bOc/vS9WrGndrL4ROSrBTqAryHKo3gatSXLMo4WK
D1+NnAKe7xcYrH89SSWvVpRFujpZDD1QesWK0TsYGyKUGZusGD5zd/jPe5+5G7z82btquWTdI1Qx
FJ6LZGk1ihS2Ounv49nSMac3GDQEfPeBGWe0/rxJt5YwXaY8dh48/H3ipFTFpq7YcxsnfIFIuIca
JWq+by+eefTG0+T2mRsO1h+vrBngMY+uZHqlX6e/B+B0hszTU1LQcaSunctKtbUmf2px8H1NeF8D
3uV5nKHh8cdyCh5XM8Q7ap1Bq9u9K0N8lpCd9PMuJria9nexlCoHir1ivHFP8mgKHQft35s6Epjf
8LFcfD9LgNOoPWxaPBoNgD3PEOuBtCQRRc8Lt5IU+z2ZFPiU75tRecUOFCTSM4ZvqfmpH78Z5zEb
i4T1+qyzNRxsDjc32ZeT9/jA8Q5OWKgs3PPzTodvC/MnMn+upJTmV8oqNwb/FGAQ9HML3BarLHZW
IXSDrZeAL9/r7nb7PRy8ngOrvEjqbK+D1zyOVR4HeNSBQd3jwVyKpaBDsD0VExw8MvDs6QoIa8/r
EvL8xi7SewMDKwLd9qaRnM2zPTWdrhfzWC5AxSsAF2pSDKAXXahQGJSmKgV8yjELCEQSBiotr5Nl
YleHcjqVAVRHqz1CzDyxnqnU0yLLZDzTezhMD6N5aAh7H/PJekQLEToT8FXFvcOj4/3Pp5c4alXg
11ykK7uhHUrBTRfY4O9WwrWGqi/c+57+AUPyTHn4vodduJTi2guB9xw4vkcqcDNRNx4anp2CT5OX
50+t1SJCFWPo+VhA2pWndGpNSsaAVayiuqB07HIutGAF7YyngmVzwSCCaPjBMxag0CGICSbjIMpD
EcIPdku5EdZYQcxTUwRQh6n5VDSZgjupRpBskgp+xVYqTy0sJqcMRCinknYA6aWgQdEKAX8S1yW4
diimHOSn2bWK/5IxzKJ4ypB7CyA2AL1aIYbYBTF0X89FzPJklvIQALT8GLXdABv6MXtzOYcKwotg
CLCIeDzL+UwwfOeTWGYtQ0u4hsCP712ZRwFg6cFcBJaK6kLgeeFfRNy6llcygVyAt1Q6a+NV+xQE
+1VNv56Mz79u9Xe93ldcB2wsAQ2ZD/5z5jdwoy9zgbxjmQJ84pABlfaNEhATBoiIZ8A3uk3cJEwF
vqYJhJFIQ/CjgWAQlcOIhLwAwMZ81luin4ZhPc+zUKHdmTdtERf7/sPEz7uC9xVMRfchAmDyDYtw
NNyWbLg0CO+jeTN0HfTWiXGqbCk5+xsaB0whIykOTcud34znsI6j/moFeFoEjBC5BcRyDeoJ0QRU
hOiG7AdmQkAKkYPrGx5gPFEa8Kc3eRH+EdljAQiYwdBRMNBkUBbEFdI1q2Iw3VpvedcB9EWCDFQM
2sbDkKVCG6VEPPF1J8CHa4gh6BzxvdaJQIaAPMSvOY9QUjO5hLnmvc8NuyV4+7cA3OwHXkOgQ/ZA
0Pju0RDu4s6f8sUE30Sasn29ioNLrq/AGFIoUHUL73/WwBJU3YJInDVPIU/MQVtgtm4yajgx6/1A
m5vAhgWwTWOcJ7ZApMSxRR6DUeEUgj0mbQJ6wO5SdQOeOhPAAiCHrCAuUUOuGnROpmi8OAWNtMlk
9hfgXJbSqlBgoCAFra1lG0ABCJr1kCNEg2epHBKkml1QQGFpHscoxRD9s0qI+/Q2j26xQ7G0v9kC
ww4LUq7nTdcXWXVEbqRpnmRm1DALmbIAzAxRJFRQM+AQGKSxPY4v9wLOdyOAuoGapoDHoFSttXrB
XM/MKewAIiYEtHRFDupDpCagMpglMTMMhrWAygJkuxAzPlllwGo2NkzuEFulRsjGvQGi15JYTmrE
MPAaOIVmaSJuKgE98M0Cn6xEKFNwjMWORrFBTDnZ40yBhBQ6BNQG2GdGSHqEGCrqYMcnF0nRKJvj
29D/5hRgSlni39veuo0/phW/C3+dqYRQsF66RMlC0wxcBmYGIiwQwj0LrDoGJbL6L2QKFjP9l9+P
GxkDIYMuggV5ih8HANsWNyLIyY0rg6yxQgzY5WxxE0BmpNe0kJ86vzwassuPJ2N2enJ2cgluenR6
cjRmo6MLBgn5j0cXTQaT2OU5zDpiXz6enx6x0cX5wdF43KoZ/V2MgAJCKspH0OPitwNYQBHZ8qH0
ql1gOESUED0JzfDwsVTjTymOKyirYvDDoEBI6H36ZfQK0uKIQjw6HDPNp4wLYYCPXfvrwpjZm3MM
FJji0PTW7ckofFsugbASEWAmZBiKuBppmrUlAaBPItFrMvsdS6d+eydCluq+oXrG0wkYgheoKDLJ
OnqbO7lKdoWo2DXMrgEPveBxTjmXiwXkozlo3dtm4flramf1zkTP6RQgGUoXa2NrsXPj2Y2CQ0qi
8igsMZEQKK5jtsYdLZglhDpQuNXpGCLZm2PyCbdCICmLWV1SNU3VooikuNbe91w9dIQKVFjZ1XXh
DgVylWFcpMYoolTRM1eFzob5IjFJmklW7biH40Y+hzjDziaMCb0Cb7iC0A32zO9gKYRiCGgAfonf
2tC5QNvP5iClWZFUo0fCvdYoNQvBmcBvc2dEjSbexx0s+QJ6B96gfcATHJOLfAFxM8Y3rovqBuXG
THloEFgzkz4JYjhIhnFbnaCcSAgZ2szDLD+HODqwIjpU5kZddTHNQX9mYOPUwkgMHDvNIYiyAC/g
+CCLlQRgQFkHZIDIL0DKpAoGRMKx2GJmhSFsTRQsIw4aIopNcWqZCwPP8IXJAuZDYB7SNz+ORYbi
KasdsKXIZIgTnkENjxk64arx+xvMRgxyWaaWs3dNoJiIMlekMPXGFUpxB11lusoQdpN5XUdeKCva
1ssKVMARb24ZP7zOQanCxgQwNDRj3UP5Oa6FQYtTi32EXA4UZ4+SM3Yw+tyEtYDBBIzoWoag3hTw
ySOW4D0CP2TbNmFep9KaGONMbbH9EBzQnEfTNtTFJrsPBair3Qi2ZNhqQn1yzK0MYA4stxC5QW+F
+SGPmsYV4sb2dfMWA98iyEthDvx5FI+KDHpd5mJxgIvo8V2scePEs5fVWuXM2p2W30QpYcy0C8Fi
X7FIhiATN/rixM/Bbs8settiI7uGvtKDC7ittq124IbTlM+QNJATltBJRPkIlqcLwBytnacou4NI
YvOIWgL4pQKhM3Z2+ZkQ1UAQ0jzJM4YtCBLvejdTLrSsp1lkuYeLhoQrKn0oJvnMqLyykZVhZpWS
6dukBgsfDFH4jn6rvKuRR6YemCctGUtEo0vyLGYYB/CFpzFGdWcldjtsHEcoFgD4UMguUIDrmQsO
FrwACWSoOFC44Jcr0RXSR0nQLQLkIiXA7UCusSenttEYrmtmcOvvWBcrK5tmYg1N9Bf1szYtEVHU
1b61ryGRZYtizdrgj7McvEB7Fhh7AUSwKrGa5MfGSw9N80NBaY3GWZRgoqityZOHPONM86UNFtja
KhqHeKtEnwPh4P8EzwxTgRrz3a0i56dCESyIki+dQKJJyVisAnwUmlaCKp0BOwOOxrJQy6LsxhBH
vDPtxuKO2c6ptoruXqUtJIpGADOfiTENMZpqlT3XtjMRgMFn5A3tEs8sGbIEOLiUEeXtFePF9wcg
HFlw5FQopwNa0Ylk6Eh6HZuDYYA0qR0yDDuFOG7zuYKPleF1JWZdtEkHJlwLZ7ONLvjNO3Zpsh7c
6N51Q2RB6y35cC1cLEiRLhEyNqdss5cJiFpmPxSfYRa1Adf9wbCIomjWlPbTw+cGtoXjaKCJlDYa
FPZtmWnLqhh5H9WzjGYxq9JZvbObSSX+/kLl6BWnJpxbJ4mqaGlDriCS2LABpcaflHewNxeUhDhL
SXNiYdoEE2FATcQUXRp1uCl9mBe2g+ZCfe9KNmMox20KysGvM15HMzEf2oG9SuZXMezciSJP8ctc
1GMj8wVE7VIrZINJH10Hdk+8PAEzFmvRsACzFSM2bPw5/umQNprguakmX45cNI4O9BDfG2SWLGb6
TEVaREtcktkbD1TzDZtBtarXTFk3sgq+tG4zxrrAay6pmoVoY3zyBJsySR5ZC7a/MUmgKTauUD+D
zMFLjAdEg0OvNmRFuUEmaJp2Q2N22F+kwtqMmuTCSgjftCh6QGtvjprtYTO4OlL6psoohBcZT9Va
BuCRPNN5LubNFYqCkGgliwWEI0WoxipeLbA4RJ+PfdpAlzhjtWtvs/Vtwp28Op/NUjGzjcOyJ4vZ
NX6j7qpGGOEGZnp+eI7fI7Lxy+YM6BCuhSlJOH0uEDfUhHaJPQ21nLMOyFBKfhs9JInUeQkiNHeH
Zfy0AXCdZNOoShw9hlIlRqVwWnhNcErJnDdhGMjHlCYrclkITFORQnXioXuJMaaamzYym3YgrzQE
7XmqE7FzyNkh9yEPVfgCCw9lbW4XO9SFa2h0pQupRBnIbJxGiDi9SClRmOgJcTfKdeyaopXdKsHb
Gy78gosP5gHWGxt5Gv13ukhFhz+TmWFk0S+a2zFyCVgR2qLD+gTstUMtF1LqLaclHCjYgAqTgKGL
cTInAme9XxHxeSQhgBkOHd1wPCs3F5g8AX5WRMNCVnQLlBRbeEP2M2UzELaa1NP7X4RIZVqZO7gn
YEQBZtcpHiJRH6U4dqTs864QRCkOxUVNxQXV4/hUJyBqkwYHddqVEKBfDM8p0dNTNFrvNmTHp/uX
w94P283N3Ztus3/Tb/Z+6P4QQmw37nMDH6cL0HHu7XSMlzVXg823Jv8z5zVOG8MYMoYLYK3tJVIe
Rs1AkFWwYuaTa3la+NuirEvLkxjyKwAHok9AqbMueOUVh0SgAZTvvzkmh0I70fQKjJyCvhn56ox4
lHW2yqanSmwhAM5N22I4uMLaSVP1B+yYSKhbVqZFQvOQWkAEKjYTIMhIDIkEHbKKtPQjjWZD3GQi
1vTMAn7RC185XX8XbBJAMjh3BvDELg556g7Zj+GW13kaOZchfbyjvJzKiJ67KgdmC/dDZHMIAeYx
MriQYDdL5+Yv2j7fsUW3FxNzvOjMwHwppBdcy6EkqFB0Iaa2teIuI6+tKyOQSiycgfHo1LlarPSv
EX0yzf5im/jcTQ+PSZiHz0Nsdgadbfj53Qn2+namgvfwk3CD7Snf3uzudjrdiejvdoLdHS46POBT
0d/ZZt8B7ExdiRjCucukFaeD8559vfibTMxHxjbNpfmCXDEZrm4WFREopKTX6fS73R6+9gYGHGvt
TqkuSGxH074NvQ1U4ZNbc5J7gcQ61H2l5IW+Q2g+ZGekN5vImONHPWgJvpIGrJKZ6Jc7/fbb/wEo
2IjW
===END CRASH DUMP===
