Altay Crash Dump Mon Aug 20 05:07:56 WIB 2018

Error: Declaration of GuiShop\Modals\network\GuiDataPickItemPacket::decodePayload() must be compatible with pocketmine\network\mcpe\protocol\DataPacket::decodePayload(): void
File: ShopGui-master/src/GuiShop/Modals/network/GuiDataPickItemPacket
Line: 27
Type: E_COMPILE_ERROR

THIS CRASH WAS CAUSED BY A PLUGIN
BAD PLUGIN: GuiShop v1.0.0-ALPHA1

Code:

Backtrace:

Altay version: 3.0.7+dev [Protocol 274]
Git commit: 0000000000000000000000000000000000000000
uname -a: Windows NT WIN-VCQUKKDO8FH 6.3 build 9600 (Windows Server 2012 R2 Datacenter Edition) AMD64
PHP Version: 7.2.2
Zend version: 3.2.0
OS : WINNT, win

Loaded plugins:
AnyVersion 1.0.2 by zyware for API(s) 3.0.0
AutoClearLagg 2.0.0 by Potatoe for API(s) 3.0.0
BlazinFeed 1.2.1 by iiFlamiinBlaze for API(s) 3.0.0
BuyEnchant 1 by  for API(s) 3.0.0
CONSOLEChat 1.0.0 by TheNewHEROBRINE for API(s) 3.0.0
FormAPI 1.2.0 by jojoe77777 for API(s) 3.0.0
PVPlevelRPG 8.2 by  for API(s) 3.0.0
NoFall 1 by NCR-Games for API(s) 3.0.0-ALPHA12, 3.0.0, 3.0.2, 3.0.3, 3.0.4, 3.0.5
KeepInventory 1.0.1 by  for API(s) 3.0.0, 3.0.0-ALPHA7, 3.0.0-ALPHA8, 3.0.0-ALPHA9, 3.0.0-ALPHA10, 3.0.0-ALPHA11
RandomOre 2.0.0 by Nguyen for API(s) 3.0.0
SETVIP 2.3 by MCPEVN TEAM for API(s) 3.0.0
GuiShop 1.0.0-ALPHA1 by PHP-Devs /georgianYT for API(s) 3.0.0, 3.0.0-ALPHA10, 3.0.0-ALPHA11, 3.0.0-ALPHA12
SimpleWorldLoader 1.0.0 by  for API(s) 2.0.0, 3.0.0, 3.0.1, 3.1.0, 3.0.0-ALPHA1
SlapperRotation 1.2.0 by jojoe77777 for API(s) 3.0.0
superBAR 2.0.0 by Array, JackMD for API(s) 3.0.0
TeaSpoon 1.0.0 by CortexPE for API(s) 3.0.0, 4.0.0
VanillaEnchantments 3.1.0_ALPHA by TheAz928 for API(s) 4.0.0, 3.0.0, 3.0.2, 3.0.3
VoteReward 3.0.3 by LDX for API(s) 4.0.0+dev.1224, 4.0.0, 3.0.0, 3.0.0-ALPHA12
AlwaysSpawn 2.2.4 by Philip Shilling for API(s) 3.0.0
AntiVoid 1.0.0 by KairusDarkSeeker for API(s) 3.0.0
AutoInv 0.0.9 by JackNoordhuis for API(s) 3.0.0, 3.0.0-ALPHA8, 3.0.0-ALPHA9, 3.0.0-ALPHA10, 3.0.0-ALPHA11, 3.0.0-ALPHA12
Broadcaster 1.5 by EvolSoft for API(s) 3.0.0
ChestShop 4 by  for API(s) 3.0.0
CmdSnooper 1.2.0 by HotshotHD & CodeRed2019 for API(s) 1.13.0, 4.0.0, 3.0.0, 3.0.0-ALPHA12
CustomAlerts 2 by EvolSoft for API(s) 3.0.0
EconomyAPI 5.7.2 by onebone for API(s) 3.0.0
EssentialsPE 2.1.0 by LegendsOfMCPE Team for API(s) 3.0.0
InvSee 0.0.1 by BlockHorizons for API(s) 3.0.0
Jail 1.3.0 by hoyinm14mc for API(s) 3.1.0
KillChat 1.0.2.MOD by Array for API(s) 3.0.0-ALPHA12, 3.0.0
MagicWE 0.4.0 by XenialDan for API(s) 3.0.0-ALPHA12, 3.0.0, 4.0.0
MSpawns 2.2 by EvolSoft for API(s) 3.0.0
MultiWorld 1.4.3 by CzechPMDevs, VixikCZ for API(s) 3.0.0
MysteryCrate 6.4.2 by JackMD, DaPigGuy for API(s) 3.0.0
PiggyCustomEnchants 1.2.0 by DaPigGuy for API(s) 3.0.0
PurePerms 1.4.2 by 64FF00 & ProjectInfinity for API(s) 3.0.0
Repair 1.0.1 by JackMD for API(s) 3.0.0
RocketPads 1.0.0 by Gamecrafter for API(s) 3.0.0
Sell 1.2.10.2 by Array, KairusDarkSeeker, JackMD for API(s) 3.0.0, 3.0.0-ALPHA12
SizePlayer 1.0.3 by  for API(s) 3.0.0
Slapper 1.4.0 by jojoe77777 for API(s) 3.0.0, 3.0.0-ALPHA12, 4.0.0
TimeStopper 1.0.2 by RevivalPMMP, 95CivicSi, jasonwynn10 for API(s) 3.0.0, 3.0.0-ALPHA11, 3.0.0-ALPHA12
TopVoter 3.0.0 by SalmonDE for API(s) 3.0.0
WorldProtect 2.3.8 by aliuly for API(s) 3.0.0
DevTools 1.13.0 by PocketMine Team for API(s) 3.0.0, 4.0.0
SkyBlock 2 by no name (edit by hugoDZgamer) for API(s) 3.0.0, 4.0.0, 3.0.6
FactionsPro 1.3.12 by Tethered_ for API(s) 3.0.0
PureChat 1.4.11 by 64FF00 for API(s) 3.0.0
SimpleWarp 4.0.1 by Falkirks for API(s) 3.0.0

----------------------REPORT THE DATA BELOW THIS LINE-----------------------

===BEGIN CRASH DUMP===
eNq1Wm9zmzgT/yoML27aucQOtps0eefazp9r7PDYvrR31U1GAcVWDIgTYJfc9Ls/K/4YCbsxdmhm
MoYFdn+/1aJdrfhPD6lL9AvjQ7tzZpx2zk6PdMI54/rFf3oY+3BJHzz07obmze3gYTAe3431I90l
QYBn4lqfWA7mOKTM09iTdhXRyZz5CA2ZjZ0AIY+EK8YXCMGVPg6xSa3FTUhcE1sLEl5c2MRiNjFx
7DBsv3uvuVEQao9Es5jrg9ZHh2grGs41n4n7XeoRSadr+XDqcxYyizkIJQa2K77QlozaAP2JOgK3
QAmQjl0chIQ3A241M+zNFHozs9LcChwUOYBFv2id/TjSfSeaUQ+0ZirgqjCuX3z750gPObaywxnx
CMeOcK2Hhdf1rhPiGG5fEh6AC0HSbpw0zn63yRKkjxF1bP3iBCxkHIXBzpGOfZrfCrfNaAhnJxX/
4AGOFw59FM80jFZDSKIMzxfq2WwVaKOp9uVmdHzf+9+fnz/37z5eXmunjbaWANLOT09OtHf5rRPC
Ab3WOjFa2rilCV9ZxAOnagObirh4r3WH/dMOWPHnPtg4a7QaLTh7IZ6dsEghwMUHFggMN6PRFATJ
yQr8uvZwIDzX9eL73FuFHwuh7EwDPCRM4SicMw6Pf9Nf4hXmRP8nc+K3xIsn4px4GMINIIU8Ike6
TXwAGKQjF7CnsC8LXJwMeKoNocK+fCyiBKIP7jPvJtMvd+PbPohW5DGgoUA9D0M/uGg2YQDn0WMD
Yr6ZKmxKOoB9NwpZzyGY3+LZTGatyGXirYSUQtxkIQ5ZbcwV2/C+C+n+dDNQUw6P/zVtqoSA+ScH
v1Dvkghwa9qSUB3sVsNQOVN66WCXUk88Uht1VStCBR75eJc3EnpRPPCsOfZCmV4hVOgp1Gqi8hjF
xKo2egJv7240ubsd9OZYBixLy29fKQinczIiq+vB+O7T+GY0qGtESmoRkiBVZ3fJuNs1byRmuaQc
ZiVWz+yZkTPxVxehQiNCGYj1QRUq5r3pkCVxxuaVREeWypQ+libJmkjcClvC+dWHYMQusSMnyEzw
8xdBH/XGx1dwc1D2/XH31rzuGoJaO4vEdpYPxG87++1kvx8OpZlCrM7xMyH+jbeEHMl4LFFV5eUX
6fXX/0imfKaeflRPz9VTo/SwYRzqBwX/fhlhtVo1fPoS20GSFYSXxhjKC/cOUnXhoUK2I9eNZjCv
eXW9jKnZTw6UoGD7ikA8XyWVXEiqjPdkML2/MSUamUDl0FYZDHvm4H6kTQfdYV00UpUITUh4T/0q
yPNytoBeFLilaT4LnlLJcW0e98ky0JozwviMYsjx+quhuyUaj0pv84Hsi5VJxdd0Ql3fIV8Yd+xb
uJdweQQ3rr2e9wrOLZlz9ptyNDZ8oVB9gjVJVa49xkPy3YQ8uAF0D/4O9n3Cx6JCU4vt8pV6suM+
BEsIqpMKInjsU3cssVmLXp9TvumXmM4In/w1EbD/gGXgsF8bobVuhHI8xVEVYlOCJz5Thmkt2lGT
5dGy5c3svIlUEYbq8Eym3fH0T3NrJsifaXyPXwSve+xRx8FZQexCcgkkituuqotp4PuQvE0bdWj3
5bz1UeLc2fJmFrXCoT5YpgihImV8Z7a4KhZGOcDmNorCLywkYwJrRXlhJAnLLYVSerntfy1TFz2H
htFqddbjfrR1hm4d7AswilCB8eBFI+g5FsmsKfEVq2RnheNg4uOV0hmQpOob3kpKPzldzalDfW0C
Pw71ZnXlXT9RG2RaEcIJokAgQmidPl55NxJyXkjvRQdL7nlkoh3v92dMeRT0MV9MCFmAsbomrbJi
0fpIIRVHVeYuseqHwrHU2BASmRkgbZyrzMQkPGKM2/OIBq8XFnsXwXUF/TNg9HKMMPjAjHpLcNCa
4u4uAYc7rKRRKbcJJKkaAR9ULw2WzJkAurriWTKMkIqiwgQvSn0CiIT2RrhIugpzEoSlQrOQydw6
lZep+wyRG/0LIBGyhM0gKRJl87u7Iq49gSH2leGRhDvqo2smjIbXfe03rcdsmNHs1olxLg2X0TDa
Uj6ue162XDtIoQJxGfZu5lEQMrfrEK6kZUWsTLq/NjJlu0BFRXFYbA4s5jE3VttCklBm96FxVu42
M488wn9tU26mDyGSQgClCClwdo7ZIAigiKBgFEo+iZMsVhOlUY7YWzITyO6eRBbWoM50ayMow9jM
jtVLhARhCrCpUAMPwLQLCUvingnK2aa0mk0aANeM0xfmBbURVrQilEKpylyw+QNTuWGWnKozTrs8
fnMWU881Oq6l0DDeQKNQidAzQEAoA7K7HQZ1UamhvBZt7OU0hnf98rLMwUsaBUmfz+T4ezinMJst
rTlMK7s6goeyVe0glAMujqowH+IZtb7IL2EuUSOxUx6/r8SDaO5jr0LLs/OmllGKp8oCLiGUlNly
Jsglpcr716aBzCigXls/bPIfRk5Ik+aJTKkQquHZKS+yei/EmptD0QGDC/f0O130/tbrq1oAx0rg
AKIypn3nSglmU1Ik+Meirot7SadT8oAsln1wCj5obZboQwGhj006u4ri2vinmoG7hObgJWWqrKkw
E9sodDaL0zoiW4DLwb3t6o5ar3YvbMFQvRtmRpyYhLsKqbWsHN2lkT3tXF6enEDNanL2TKzwxnui
Hg3ro/aQWkBoDUk6PGSvWTybfkfQLPSIrQbiw0pW3mdIBa9vwdTdAszjOTX+1kjOKAh2yZczJrbl
UZaEO7oHYmvN4vgprLFxwBPrPlgHujKSfclK4JpmomhIPXKcj3LICWlmX/hIdkRzmyi7jMnpxrcE
5W9HvsHcL1aKgvdGU+WnLeG9Vmny0uK1/jfgvcaevc9uxgsEP45L2xhrYTkK2r9kpZ0YvBUGxdZE
frzHbsTmLsTGNFV99+Foo2h6W787SBEd/OoWUJs5OdHZpy6ZhKzEXpbu+OJpTJZ0iR1zOBSFz/mH
Hl1Sa0Lh+BkHzFvFnmec7HBOff0wCQ1CEgvlpNKOB/NF/1dxSi4qd79LMTHBjsu8/qC+/ahMIZDI
IBRHVbgkFRfk0RDyqMRHEZe2ixsfVU7YoZET11VCp9oQSupLP0WwzzaOFNXDiPInShy7WXzDeexv
maEVtuAUKEinDOpxySFrkRryRnvzY7c8GWxvT7xxXZTjQEhCtJ9bCoTNtQ4xzy3ipCMgT3S56JVO
msc0cbf2jtg01B5jbR7NWP/vGcj4+5+yT9/p0/28oHa/MhrMI0ns5Suw2HSYCJjkd/fC8RJbYh83
gNGXv76SpOWOhlFywJSEc8KJ/fDGdzqpf7MFvNjDgBWkK+zLW7VrVAhlJ/sU3KVeh2RPzWOGsa3e
3o+eVM1vMlXd+xXmZRYF5uA4l+s/KcXTRoeE+62FeKKm+OICc3/zUwshVHYCNuvxS+wsKF+8tTUH
eoJwyrEXPCWT98RhK+lUaSYWHnrKjCMUJIBXAHj9+UUKfkd0/Pjxf4XIEnE=
===END CRASH DUMP===
